<?xml version="1.0" encoding="UTF-8"?>
<testsuites name="jest tests" tests="655" failures="333" errors="0" time="230.708">
  <testsuite name="AuthController (e2e)" errors="0" failures="2" skipped="0" timestamp="2021-12-13T16:20:15" time="23.075" tests="2">
    <testcase classname="AuthController (e2e) / (GET)" name="AuthController (e2e) / (GET)" time="5.003">
      <failure>Error: thrown: &quot;Exceeded timeout of 5000 ms for a hook.
Use jest.setTimeout(newTimeout) to increase the timeout value, if this is a long-running test.&quot;
    at /home/mmittelb/Projects/stolen-api-services/apps/auth/test/app.e2e-spec.ts:10:3
    at _dispatchDescribe (/home/mmittelb/Projects/stolen-api-services/node_modules/jest-circus/build/index.js:97:26)
    at describe (/home/mmittelb/Projects/stolen-api-services/node_modules/jest-circus/build/index.js:60:5)
    at Object.&lt;anonymous&gt; (/home/mmittelb/Projects/stolen-api-services/apps/auth/test/app.e2e-spec.ts:7:1)
    at Runtime._execModule (/home/mmittelb/Projects/stolen-api-services/node_modules/jest-runtime/build/index.js:1646:24)
    at Runtime._loadModule (/home/mmittelb/Projects/stolen-api-services/node_modules/jest-runtime/build/index.js:1185:12)
    at Runtime.requireModule (/home/mmittelb/Projects/stolen-api-services/node_modules/jest-runtime/build/index.js:1009:12)
    at jestAdapter (/home/mmittelb/Projects/stolen-api-services/node_modules/jest-circus/build/legacy-code-todo-rewrite/jestAdapter.js:79:13)
    at runTestInternal (/home/mmittelb/Projects/stolen-api-services/node_modules/jest-runner/build/runTest.js:389:16)
    at runTest (/home/mmittelb/Projects/stolen-api-services/node_modules/jest-runner/build/runTest.js:475:34)</failure>
    </testcase>
    <testcase classname="AuthController (e2e) /health (GET)" name="AuthController (e2e) /health (GET)" time="5.001">
      <failure>Error: thrown: &quot;Exceeded timeout of 5000 ms for a hook.
Use jest.setTimeout(newTimeout) to increase the timeout value, if this is a long-running test.&quot;
    at /home/mmittelb/Projects/stolen-api-services/apps/auth/test/app.e2e-spec.ts:10:3
    at _dispatchDescribe (/home/mmittelb/Projects/stolen-api-services/node_modules/jest-circus/build/index.js:97:26)
    at describe (/home/mmittelb/Projects/stolen-api-services/node_modules/jest-circus/build/index.js:60:5)
    at Object.&lt;anonymous&gt; (/home/mmittelb/Projects/stolen-api-services/apps/auth/test/app.e2e-spec.ts:7:1)
    at Runtime._execModule (/home/mmittelb/Projects/stolen-api-services/node_modules/jest-runtime/build/index.js:1646:24)
    at Runtime._loadModule (/home/mmittelb/Projects/stolen-api-services/node_modules/jest-runtime/build/index.js:1185:12)
    at Runtime.requireModule (/home/mmittelb/Projects/stolen-api-services/node_modules/jest-runtime/build/index.js:1009:12)
    at jestAdapter (/home/mmittelb/Projects/stolen-api-services/node_modules/jest-circus/build/legacy-code-todo-rewrite/jestAdapter.js:79:13)
    at runTestInternal (/home/mmittelb/Projects/stolen-api-services/node_modules/jest-runner/build/runTest.js:389:16)
    at runTest (/home/mmittelb/Projects/stolen-api-services/node_modules/jest-runner/build/runTest.js:475:34)</failure>
    </testcase>
  </testsuite>
  <testsuite name="ProductController (e2e)" errors="0" failures="1" skipped="0" timestamp="2021-12-13T16:20:39" time="6.211" tests="1">
    <testcase classname="ProductController (e2e) / (GET)" name="ProductController (e2e) / (GET)" time="5.001">
      <failure>Error: thrown: &quot;Exceeded timeout of 5000 ms for a hook.
Use jest.setTimeout(newTimeout) to increase the timeout value, if this is a long-running test.&quot;
    at /home/mmittelb/Projects/stolen-api-services/apps/product/test/app.e2e-spec.ts:9:3
    at _dispatchDescribe (/home/mmittelb/Projects/stolen-api-services/node_modules/jest-circus/build/index.js:97:26)
    at describe (/home/mmittelb/Projects/stolen-api-services/node_modules/jest-circus/build/index.js:60:5)
    at Object.&lt;anonymous&gt; (/home/mmittelb/Projects/stolen-api-services/apps/product/test/app.e2e-spec.ts:6:1)
    at Runtime._execModule (/home/mmittelb/Projects/stolen-api-services/node_modules/jest-runtime/build/index.js:1646:24)
    at Runtime._loadModule (/home/mmittelb/Projects/stolen-api-services/node_modules/jest-runtime/build/index.js:1185:12)
    at Runtime.requireModule (/home/mmittelb/Projects/stolen-api-services/node_modules/jest-runtime/build/index.js:1009:12)
    at jestAdapter (/home/mmittelb/Projects/stolen-api-services/node_modules/jest-circus/build/legacy-code-todo-rewrite/jestAdapter.js:79:13)
    at runTestInternal (/home/mmittelb/Projects/stolen-api-services/node_modules/jest-runner/build/runTest.js:389:16)
    at runTest (/home/mmittelb/Projects/stolen-api-services/node_modules/jest-runner/build/runTest.js:475:34)</failure>
    </testcase>
  </testsuite>
  <testsuite name="TagsService" errors="0" failures="9" skipped="0" timestamp="2021-12-13T16:20:45" time="2.062" tests="9">
    <testcase classname="TagsService findOnePreset should find a doc" name="TagsService findOnePreset should find a doc" time="0">
      <failure>Error: Status Code is 403 (MongoDB&apos;s 404)
This means that the requested version-platform combination doesn&apos;t exist
  Used Url: &quot;https://fastdl.mongodb.org/linux/mongodb-linux-x86_64-ubuntu2104-5.0.3.tgz&quot;
Try to use different version &apos;new MongoMemoryServer({ binary: { version: &apos;X.Y.Z&apos; } })&apos;
List of available versions can be found here:
  https://www.mongodb.org/dl/linux for Linux
  https://www.mongodb.org/dl/osx for OSX
  https://www.mongodb.org/dl/win32 for Windows
    at ClientRequest.&lt;anonymous&gt; (/home/mmittelb/Projects/stolen-api-services/node_modules/mongodb-memory-server-core/src/util/MongoBinaryDownload.ts:418:17)
    at Object.onceWrapper (events.js:520:26)
    at ClientRequest.emit (events.js:400:28)
    at HTTPParser.parserOnIncomingClient (_http_client.js:647:27)
    at HTTPParser.parserOnHeadersComplete (_http_common.js:126:17)
    at TLSSocket.socketOnData (_http_client.js:515:22)
    at TLSSocket.emit (events.js:400:28)
    at addChunk (internal/streams/readable.js:290:12)
    at readableAddChunk (internal/streams/readable.js:265:9)
    at TLSSocket.Readable.push (internal/streams/readable.js:204:10)</failure>
      <failure>TypeError: Cannot read property &apos;close&apos; of undefined
    at Object.&lt;anonymous&gt; (/home/mmittelb/Projects/stolen-api-services/apps/customer/src/v1/admin/tags/tags.service.spec.ts:69:22)
    at Promise.then.completed (/home/mmittelb/Projects/stolen-api-services/node_modules/jest-circus/build/utils.js:390:28)
    at new Promise (&lt;anonymous&gt;)
    at callAsyncCircusFn (/home/mmittelb/Projects/stolen-api-services/node_modules/jest-circus/build/utils.js:315:10)
    at _callCircusHook (/home/mmittelb/Projects/stolen-api-services/node_modules/jest-circus/build/run.js:181:40)
    at _runTest (/home/mmittelb/Projects/stolen-api-services/node_modules/jest-circus/build/run.js:158:5)
    at _runTestsForDescribeBlock (/home/mmittelb/Projects/stolen-api-services/node_modules/jest-circus/build/run.js:66:9)
    at _runTestsForDescribeBlock (/home/mmittelb/Projects/stolen-api-services/node_modules/jest-circus/build/run.js:60:9)
    at _runTestsForDescribeBlock (/home/mmittelb/Projects/stolen-api-services/node_modules/jest-circus/build/run.js:60:9)
    at run (/home/mmittelb/Projects/stolen-api-services/node_modules/jest-circus/build/run.js:25:3)</failure>
    </testcase>
    <testcase classname="TagsService findOnePreset should not find a doc" name="TagsService findOnePreset should not find a doc" time="0.001">
      <failure>Error: Status Code is 403 (MongoDB&apos;s 404)
This means that the requested version-platform combination doesn&apos;t exist
  Used Url: &quot;https://fastdl.mongodb.org/linux/mongodb-linux-x86_64-ubuntu2104-5.0.3.tgz&quot;
Try to use different version &apos;new MongoMemoryServer({ binary: { version: &apos;X.Y.Z&apos; } })&apos;
List of available versions can be found here:
  https://www.mongodb.org/dl/linux for Linux
  https://www.mongodb.org/dl/osx for OSX
  https://www.mongodb.org/dl/win32 for Windows
    at ClientRequest.&lt;anonymous&gt; (/home/mmittelb/Projects/stolen-api-services/node_modules/mongodb-memory-server-core/src/util/MongoBinaryDownload.ts:418:17)
    at Object.onceWrapper (events.js:520:26)
    at ClientRequest.emit (events.js:400:28)
    at HTTPParser.parserOnIncomingClient (_http_client.js:647:27)
    at HTTPParser.parserOnHeadersComplete (_http_common.js:126:17)
    at TLSSocket.socketOnData (_http_client.js:515:22)
    at TLSSocket.emit (events.js:400:28)
    at addChunk (internal/streams/readable.js:290:12)
    at readableAddChunk (internal/streams/readable.js:265:9)
    at TLSSocket.Readable.push (internal/streams/readable.js:204:10)</failure>
      <failure>TypeError: Cannot read property &apos;close&apos; of undefined
    at Object.&lt;anonymous&gt; (/home/mmittelb/Projects/stolen-api-services/apps/customer/src/v1/admin/tags/tags.service.spec.ts:69:22)
    at Promise.then.completed (/home/mmittelb/Projects/stolen-api-services/node_modules/jest-circus/build/utils.js:390:28)
    at new Promise (&lt;anonymous&gt;)
    at callAsyncCircusFn (/home/mmittelb/Projects/stolen-api-services/node_modules/jest-circus/build/utils.js:315:10)
    at _callCircusHook (/home/mmittelb/Projects/stolen-api-services/node_modules/jest-circus/build/run.js:181:40)
    at _runTest (/home/mmittelb/Projects/stolen-api-services/node_modules/jest-circus/build/run.js:158:5)
    at _runTestsForDescribeBlock (/home/mmittelb/Projects/stolen-api-services/node_modules/jest-circus/build/run.js:66:9)
    at _runTestsForDescribeBlock (/home/mmittelb/Projects/stolen-api-services/node_modules/jest-circus/build/run.js:60:9)
    at _runTestsForDescribeBlock (/home/mmittelb/Projects/stolen-api-services/node_modules/jest-circus/build/run.js:60:9)
    at run (/home/mmittelb/Projects/stolen-api-services/node_modules/jest-circus/build/run.js:25:3)</failure>
    </testcase>
    <testcase classname="TagsService findAllPresets should find all docs" name="TagsService findAllPresets should find all docs" time="0">
      <failure>Error: Status Code is 403 (MongoDB&apos;s 404)
This means that the requested version-platform combination doesn&apos;t exist
  Used Url: &quot;https://fastdl.mongodb.org/linux/mongodb-linux-x86_64-ubuntu2104-5.0.3.tgz&quot;
Try to use different version &apos;new MongoMemoryServer({ binary: { version: &apos;X.Y.Z&apos; } })&apos;
List of available versions can be found here:
  https://www.mongodb.org/dl/linux for Linux
  https://www.mongodb.org/dl/osx for OSX
  https://www.mongodb.org/dl/win32 for Windows
    at ClientRequest.&lt;anonymous&gt; (/home/mmittelb/Projects/stolen-api-services/node_modules/mongodb-memory-server-core/src/util/MongoBinaryDownload.ts:418:17)
    at Object.onceWrapper (events.js:520:26)
    at ClientRequest.emit (events.js:400:28)
    at HTTPParser.parserOnIncomingClient (_http_client.js:647:27)
    at HTTPParser.parserOnHeadersComplete (_http_common.js:126:17)
    at TLSSocket.socketOnData (_http_client.js:515:22)
    at TLSSocket.emit (events.js:400:28)
    at addChunk (internal/streams/readable.js:290:12)
    at readableAddChunk (internal/streams/readable.js:265:9)
    at TLSSocket.Readable.push (internal/streams/readable.js:204:10)</failure>
      <failure>TypeError: Cannot read property &apos;close&apos; of undefined
    at Object.&lt;anonymous&gt; (/home/mmittelb/Projects/stolen-api-services/apps/customer/src/v1/admin/tags/tags.service.spec.ts:69:22)
    at Promise.then.completed (/home/mmittelb/Projects/stolen-api-services/node_modules/jest-circus/build/utils.js:390:28)
    at new Promise (&lt;anonymous&gt;)
    at callAsyncCircusFn (/home/mmittelb/Projects/stolen-api-services/node_modules/jest-circus/build/utils.js:315:10)
    at _callCircusHook (/home/mmittelb/Projects/stolen-api-services/node_modules/jest-circus/build/run.js:181:40)
    at _runTest (/home/mmittelb/Projects/stolen-api-services/node_modules/jest-circus/build/run.js:158:5)
    at _runTestsForDescribeBlock (/home/mmittelb/Projects/stolen-api-services/node_modules/jest-circus/build/run.js:66:9)
    at _runTestsForDescribeBlock (/home/mmittelb/Projects/stolen-api-services/node_modules/jest-circus/build/run.js:60:9)
    at _runTestsForDescribeBlock (/home/mmittelb/Projects/stolen-api-services/node_modules/jest-circus/build/run.js:60:9)
    at run (/home/mmittelb/Projects/stolen-api-services/node_modules/jest-circus/build/run.js:25:3)</failure>
    </testcase>
    <testcase classname="TagsService findAllPresets should return an empty list" name="TagsService findAllPresets should return an empty list" time="0.001">
      <failure>Error: Status Code is 403 (MongoDB&apos;s 404)
This means that the requested version-platform combination doesn&apos;t exist
  Used Url: &quot;https://fastdl.mongodb.org/linux/mongodb-linux-x86_64-ubuntu2104-5.0.3.tgz&quot;
Try to use different version &apos;new MongoMemoryServer({ binary: { version: &apos;X.Y.Z&apos; } })&apos;
List of available versions can be found here:
  https://www.mongodb.org/dl/linux for Linux
  https://www.mongodb.org/dl/osx for OSX
  https://www.mongodb.org/dl/win32 for Windows
    at ClientRequest.&lt;anonymous&gt; (/home/mmittelb/Projects/stolen-api-services/node_modules/mongodb-memory-server-core/src/util/MongoBinaryDownload.ts:418:17)
    at Object.onceWrapper (events.js:520:26)
    at ClientRequest.emit (events.js:400:28)
    at HTTPParser.parserOnIncomingClient (_http_client.js:647:27)
    at HTTPParser.parserOnHeadersComplete (_http_common.js:126:17)
    at TLSSocket.socketOnData (_http_client.js:515:22)
    at TLSSocket.emit (events.js:400:28)
    at addChunk (internal/streams/readable.js:290:12)
    at readableAddChunk (internal/streams/readable.js:265:9)
    at TLSSocket.Readable.push (internal/streams/readable.js:204:10)</failure>
      <failure>TypeError: Cannot read property &apos;close&apos; of undefined
    at Object.&lt;anonymous&gt; (/home/mmittelb/Projects/stolen-api-services/apps/customer/src/v1/admin/tags/tags.service.spec.ts:69:22)
    at Promise.then.completed (/home/mmittelb/Projects/stolen-api-services/node_modules/jest-circus/build/utils.js:390:28)
    at new Promise (&lt;anonymous&gt;)
    at callAsyncCircusFn (/home/mmittelb/Projects/stolen-api-services/node_modules/jest-circus/build/utils.js:315:10)
    at _callCircusHook (/home/mmittelb/Projects/stolen-api-services/node_modules/jest-circus/build/run.js:181:40)
    at _runTest (/home/mmittelb/Projects/stolen-api-services/node_modules/jest-circus/build/run.js:158:5)
    at _runTestsForDescribeBlock (/home/mmittelb/Projects/stolen-api-services/node_modules/jest-circus/build/run.js:66:9)
    at _runTestsForDescribeBlock (/home/mmittelb/Projects/stolen-api-services/node_modules/jest-circus/build/run.js:60:9)
    at _runTestsForDescribeBlock (/home/mmittelb/Projects/stolen-api-services/node_modules/jest-circus/build/run.js:60:9)
    at run (/home/mmittelb/Projects/stolen-api-services/node_modules/jest-circus/build/run.js:25:3)</failure>
    </testcase>
    <testcase classname="TagsService removePreset should remove a doc" name="TagsService removePreset should remove a doc" time="0.001">
      <failure>Error: Status Code is 403 (MongoDB&apos;s 404)
This means that the requested version-platform combination doesn&apos;t exist
  Used Url: &quot;https://fastdl.mongodb.org/linux/mongodb-linux-x86_64-ubuntu2104-5.0.3.tgz&quot;
Try to use different version &apos;new MongoMemoryServer({ binary: { version: &apos;X.Y.Z&apos; } })&apos;
List of available versions can be found here:
  https://www.mongodb.org/dl/linux for Linux
  https://www.mongodb.org/dl/osx for OSX
  https://www.mongodb.org/dl/win32 for Windows
    at ClientRequest.&lt;anonymous&gt; (/home/mmittelb/Projects/stolen-api-services/node_modules/mongodb-memory-server-core/src/util/MongoBinaryDownload.ts:418:17)
    at Object.onceWrapper (events.js:520:26)
    at ClientRequest.emit (events.js:400:28)
    at HTTPParser.parserOnIncomingClient (_http_client.js:647:27)
    at HTTPParser.parserOnHeadersComplete (_http_common.js:126:17)
    at TLSSocket.socketOnData (_http_client.js:515:22)
    at TLSSocket.emit (events.js:400:28)
    at addChunk (internal/streams/readable.js:290:12)
    at readableAddChunk (internal/streams/readable.js:265:9)
    at TLSSocket.Readable.push (internal/streams/readable.js:204:10)</failure>
      <failure>TypeError: Cannot read property &apos;close&apos; of undefined
    at Object.&lt;anonymous&gt; (/home/mmittelb/Projects/stolen-api-services/apps/customer/src/v1/admin/tags/tags.service.spec.ts:69:22)
    at Promise.then.completed (/home/mmittelb/Projects/stolen-api-services/node_modules/jest-circus/build/utils.js:390:28)
    at new Promise (&lt;anonymous&gt;)
    at callAsyncCircusFn (/home/mmittelb/Projects/stolen-api-services/node_modules/jest-circus/build/utils.js:315:10)
    at _callCircusHook (/home/mmittelb/Projects/stolen-api-services/node_modules/jest-circus/build/run.js:181:40)
    at _runTest (/home/mmittelb/Projects/stolen-api-services/node_modules/jest-circus/build/run.js:158:5)
    at _runTestsForDescribeBlock (/home/mmittelb/Projects/stolen-api-services/node_modules/jest-circus/build/run.js:66:9)
    at _runTestsForDescribeBlock (/home/mmittelb/Projects/stolen-api-services/node_modules/jest-circus/build/run.js:60:9)
    at _runTestsForDescribeBlock (/home/mmittelb/Projects/stolen-api-services/node_modules/jest-circus/build/run.js:60:9)
    at run (/home/mmittelb/Projects/stolen-api-services/node_modules/jest-circus/build/run.js:25:3)</failure>
    </testcase>
    <testcase classname="TagsService createPreset should return a new doc" name="TagsService createPreset should return a new doc" time="0.001">
      <failure>Error: Status Code is 403 (MongoDB&apos;s 404)
This means that the requested version-platform combination doesn&apos;t exist
  Used Url: &quot;https://fastdl.mongodb.org/linux/mongodb-linux-x86_64-ubuntu2104-5.0.3.tgz&quot;
Try to use different version &apos;new MongoMemoryServer({ binary: { version: &apos;X.Y.Z&apos; } })&apos;
List of available versions can be found here:
  https://www.mongodb.org/dl/linux for Linux
  https://www.mongodb.org/dl/osx for OSX
  https://www.mongodb.org/dl/win32 for Windows
    at ClientRequest.&lt;anonymous&gt; (/home/mmittelb/Projects/stolen-api-services/node_modules/mongodb-memory-server-core/src/util/MongoBinaryDownload.ts:418:17)
    at Object.onceWrapper (events.js:520:26)
    at ClientRequest.emit (events.js:400:28)
    at HTTPParser.parserOnIncomingClient (_http_client.js:647:27)
    at HTTPParser.parserOnHeadersComplete (_http_common.js:126:17)
    at TLSSocket.socketOnData (_http_client.js:515:22)
    at TLSSocket.emit (events.js:400:28)
    at addChunk (internal/streams/readable.js:290:12)
    at readableAddChunk (internal/streams/readable.js:265:9)
    at TLSSocket.Readable.push (internal/streams/readable.js:204:10)</failure>
      <failure>TypeError: Cannot read property &apos;close&apos; of undefined
    at Object.&lt;anonymous&gt; (/home/mmittelb/Projects/stolen-api-services/apps/customer/src/v1/admin/tags/tags.service.spec.ts:69:22)
    at Promise.then.completed (/home/mmittelb/Projects/stolen-api-services/node_modules/jest-circus/build/utils.js:390:28)
    at new Promise (&lt;anonymous&gt;)
    at callAsyncCircusFn (/home/mmittelb/Projects/stolen-api-services/node_modules/jest-circus/build/utils.js:315:10)
    at _callCircusHook (/home/mmittelb/Projects/stolen-api-services/node_modules/jest-circus/build/run.js:181:40)
    at _runTest (/home/mmittelb/Projects/stolen-api-services/node_modules/jest-circus/build/run.js:158:5)
    at _runTestsForDescribeBlock (/home/mmittelb/Projects/stolen-api-services/node_modules/jest-circus/build/run.js:66:9)
    at _runTestsForDescribeBlock (/home/mmittelb/Projects/stolen-api-services/node_modules/jest-circus/build/run.js:60:9)
    at _runTestsForDescribeBlock (/home/mmittelb/Projects/stolen-api-services/node_modules/jest-circus/build/run.js:60:9)
    at run (/home/mmittelb/Projects/stolen-api-services/node_modules/jest-circus/build/run.js:25:3)</failure>
    </testcase>
    <testcase classname="TagsService updatePreset should not find the tag-preset" name="TagsService updatePreset should not find the tag-preset" time="0.001">
      <failure>Error: Status Code is 403 (MongoDB&apos;s 404)
This means that the requested version-platform combination doesn&apos;t exist
  Used Url: &quot;https://fastdl.mongodb.org/linux/mongodb-linux-x86_64-ubuntu2104-5.0.3.tgz&quot;
Try to use different version &apos;new MongoMemoryServer({ binary: { version: &apos;X.Y.Z&apos; } })&apos;
List of available versions can be found here:
  https://www.mongodb.org/dl/linux for Linux
  https://www.mongodb.org/dl/osx for OSX
  https://www.mongodb.org/dl/win32 for Windows
    at ClientRequest.&lt;anonymous&gt; (/home/mmittelb/Projects/stolen-api-services/node_modules/mongodb-memory-server-core/src/util/MongoBinaryDownload.ts:418:17)
    at Object.onceWrapper (events.js:520:26)
    at ClientRequest.emit (events.js:400:28)
    at HTTPParser.parserOnIncomingClient (_http_client.js:647:27)
    at HTTPParser.parserOnHeadersComplete (_http_common.js:126:17)
    at TLSSocket.socketOnData (_http_client.js:515:22)
    at TLSSocket.emit (events.js:400:28)
    at addChunk (internal/streams/readable.js:290:12)
    at readableAddChunk (internal/streams/readable.js:265:9)
    at TLSSocket.Readable.push (internal/streams/readable.js:204:10)</failure>
      <failure>TypeError: Cannot read property &apos;close&apos; of undefined
    at Object.&lt;anonymous&gt; (/home/mmittelb/Projects/stolen-api-services/apps/customer/src/v1/admin/tags/tags.service.spec.ts:69:22)
    at Promise.then.completed (/home/mmittelb/Projects/stolen-api-services/node_modules/jest-circus/build/utils.js:390:28)
    at new Promise (&lt;anonymous&gt;)
    at callAsyncCircusFn (/home/mmittelb/Projects/stolen-api-services/node_modules/jest-circus/build/utils.js:315:10)
    at _callCircusHook (/home/mmittelb/Projects/stolen-api-services/node_modules/jest-circus/build/run.js:181:40)
    at _runTest (/home/mmittelb/Projects/stolen-api-services/node_modules/jest-circus/build/run.js:158:5)
    at _runTestsForDescribeBlock (/home/mmittelb/Projects/stolen-api-services/node_modules/jest-circus/build/run.js:66:9)
    at _runTestsForDescribeBlock (/home/mmittelb/Projects/stolen-api-services/node_modules/jest-circus/build/run.js:60:9)
    at _runTestsForDescribeBlock (/home/mmittelb/Projects/stolen-api-services/node_modules/jest-circus/build/run.js:60:9)
    at run (/home/mmittelb/Projects/stolen-api-services/node_modules/jest-circus/build/run.js:25:3)</failure>
    </testcase>
    <testcase classname="TagsService updatePreset should have a version conflict" name="TagsService updatePreset should have a version conflict" time="0">
      <failure>Error: Status Code is 403 (MongoDB&apos;s 404)
This means that the requested version-platform combination doesn&apos;t exist
  Used Url: &quot;https://fastdl.mongodb.org/linux/mongodb-linux-x86_64-ubuntu2104-5.0.3.tgz&quot;
Try to use different version &apos;new MongoMemoryServer({ binary: { version: &apos;X.Y.Z&apos; } })&apos;
List of available versions can be found here:
  https://www.mongodb.org/dl/linux for Linux
  https://www.mongodb.org/dl/osx for OSX
  https://www.mongodb.org/dl/win32 for Windows
    at ClientRequest.&lt;anonymous&gt; (/home/mmittelb/Projects/stolen-api-services/node_modules/mongodb-memory-server-core/src/util/MongoBinaryDownload.ts:418:17)
    at Object.onceWrapper (events.js:520:26)
    at ClientRequest.emit (events.js:400:28)
    at HTTPParser.parserOnIncomingClient (_http_client.js:647:27)
    at HTTPParser.parserOnHeadersComplete (_http_common.js:126:17)
    at TLSSocket.socketOnData (_http_client.js:515:22)
    at TLSSocket.emit (events.js:400:28)
    at addChunk (internal/streams/readable.js:290:12)
    at readableAddChunk (internal/streams/readable.js:265:9)
    at TLSSocket.Readable.push (internal/streams/readable.js:204:10)</failure>
      <failure>TypeError: Cannot read property &apos;close&apos; of undefined
    at Object.&lt;anonymous&gt; (/home/mmittelb/Projects/stolen-api-services/apps/customer/src/v1/admin/tags/tags.service.spec.ts:69:22)
    at Promise.then.completed (/home/mmittelb/Projects/stolen-api-services/node_modules/jest-circus/build/utils.js:390:28)
    at new Promise (&lt;anonymous&gt;)
    at callAsyncCircusFn (/home/mmittelb/Projects/stolen-api-services/node_modules/jest-circus/build/utils.js:315:10)
    at _callCircusHook (/home/mmittelb/Projects/stolen-api-services/node_modules/jest-circus/build/run.js:181:40)
    at _runTest (/home/mmittelb/Projects/stolen-api-services/node_modules/jest-circus/build/run.js:158:5)
    at _runTestsForDescribeBlock (/home/mmittelb/Projects/stolen-api-services/node_modules/jest-circus/build/run.js:66:9)
    at _runTestsForDescribeBlock (/home/mmittelb/Projects/stolen-api-services/node_modules/jest-circus/build/run.js:60:9)
    at _runTestsForDescribeBlock (/home/mmittelb/Projects/stolen-api-services/node_modules/jest-circus/build/run.js:60:9)
    at run (/home/mmittelb/Projects/stolen-api-services/node_modules/jest-circus/build/run.js:25:3)</failure>
    </testcase>
    <testcase classname="TagsService updatePreset should succeed" name="TagsService updatePreset should succeed" time="0.001">
      <failure>Error: Status Code is 403 (MongoDB&apos;s 404)
This means that the requested version-platform combination doesn&apos;t exist
  Used Url: &quot;https://fastdl.mongodb.org/linux/mongodb-linux-x86_64-ubuntu2104-5.0.3.tgz&quot;
Try to use different version &apos;new MongoMemoryServer({ binary: { version: &apos;X.Y.Z&apos; } })&apos;
List of available versions can be found here:
  https://www.mongodb.org/dl/linux for Linux
  https://www.mongodb.org/dl/osx for OSX
  https://www.mongodb.org/dl/win32 for Windows
    at ClientRequest.&lt;anonymous&gt; (/home/mmittelb/Projects/stolen-api-services/node_modules/mongodb-memory-server-core/src/util/MongoBinaryDownload.ts:418:17)
    at Object.onceWrapper (events.js:520:26)
    at ClientRequest.emit (events.js:400:28)
    at HTTPParser.parserOnIncomingClient (_http_client.js:647:27)
    at HTTPParser.parserOnHeadersComplete (_http_common.js:126:17)
    at TLSSocket.socketOnData (_http_client.js:515:22)
    at TLSSocket.emit (events.js:400:28)
    at addChunk (internal/streams/readable.js:290:12)
    at readableAddChunk (internal/streams/readable.js:265:9)
    at TLSSocket.Readable.push (internal/streams/readable.js:204:10)</failure>
      <failure>TypeError: Cannot read property &apos;close&apos; of undefined
    at Object.&lt;anonymous&gt; (/home/mmittelb/Projects/stolen-api-services/apps/customer/src/v1/admin/tags/tags.service.spec.ts:69:22)
    at Promise.then.completed (/home/mmittelb/Projects/stolen-api-services/node_modules/jest-circus/build/utils.js:390:28)
    at new Promise (&lt;anonymous&gt;)
    at callAsyncCircusFn (/home/mmittelb/Projects/stolen-api-services/node_modules/jest-circus/build/utils.js:315:10)
    at _callCircusHook (/home/mmittelb/Projects/stolen-api-services/node_modules/jest-circus/build/run.js:181:40)
    at _runTest (/home/mmittelb/Projects/stolen-api-services/node_modules/jest-circus/build/run.js:158:5)
    at _runTestsForDescribeBlock (/home/mmittelb/Projects/stolen-api-services/node_modules/jest-circus/build/run.js:66:9)
    at _runTestsForDescribeBlock (/home/mmittelb/Projects/stolen-api-services/node_modules/jest-circus/build/run.js:60:9)
    at _runTestsForDescribeBlock (/home/mmittelb/Projects/stolen-api-services/node_modules/jest-circus/build/run.js:60:9)
    at run (/home/mmittelb/Projects/stolen-api-services/node_modules/jest-circus/build/run.js:25:3)</failure>
    </testcase>
  </testsuite>
  <testsuite name="AppController" errors="0" failures="1" skipped="0" timestamp="2021-12-13T16:20:47" time="5.499" tests="1">
    <testcase classname="AppController root should return &quot;Hello World!&quot;" name="AppController root should return &quot;Hello World!&quot;" time="5.001">
      <failure>Error: thrown: &quot;Exceeded timeout of 5000 ms for a hook.
Use jest.setTimeout(newTimeout) to increase the timeout value, if this is a long-running test.&quot;
    at /home/mmittelb/Projects/stolen-api-services/apps/auth/src/app.controller.spec.ts:18:3
    at _dispatchDescribe (/home/mmittelb/Projects/stolen-api-services/node_modules/jest-circus/build/index.js:97:26)
    at describe (/home/mmittelb/Projects/stolen-api-services/node_modules/jest-circus/build/index.js:60:5)
    at Object.&lt;anonymous&gt; (/home/mmittelb/Projects/stolen-api-services/apps/auth/src/app.controller.spec.ts:14:1)
    at Runtime._execModule (/home/mmittelb/Projects/stolen-api-services/node_modules/jest-runtime/build/index.js:1646:24)
    at Runtime._loadModule (/home/mmittelb/Projects/stolen-api-services/node_modules/jest-runtime/build/index.js:1185:12)
    at Runtime.requireModule (/home/mmittelb/Projects/stolen-api-services/node_modules/jest-runtime/build/index.js:1009:12)
    at jestAdapter (/home/mmittelb/Projects/stolen-api-services/node_modules/jest-circus/build/legacy-code-todo-rewrite/jestAdapter.js:79:13)
    at runTestInternal (/home/mmittelb/Projects/stolen-api-services/node_modules/jest-runner/build/runTest.js:389:16)
    at runTest (/home/mmittelb/Projects/stolen-api-services/node_modules/jest-runner/build/runTest.js:475:34)</failure>
      <failure>TypeError: Cannot read property &apos;close&apos; of undefined
    at Object.&lt;anonymous&gt; (/home/mmittelb/Projects/stolen-api-services/apps/auth/src/app.controller.spec.ts:68:21)
    at Promise.then.completed (/home/mmittelb/Projects/stolen-api-services/node_modules/jest-circus/build/utils.js:390:28)
    at new Promise (&lt;anonymous&gt;)
    at callAsyncCircusFn (/home/mmittelb/Projects/stolen-api-services/node_modules/jest-circus/build/utils.js:315:10)
    at _callCircusHook (/home/mmittelb/Projects/stolen-api-services/node_modules/jest-circus/build/run.js:181:40)
    at _runTest (/home/mmittelb/Projects/stolen-api-services/node_modules/jest-circus/build/run.js:158:5)
    at _runTestsForDescribeBlock (/home/mmittelb/Projects/stolen-api-services/node_modules/jest-circus/build/run.js:66:9)
    at _runTestsForDescribeBlock (/home/mmittelb/Projects/stolen-api-services/node_modules/jest-circus/build/run.js:60:9)
    at _runTestsForDescribeBlock (/home/mmittelb/Projects/stolen-api-services/node_modules/jest-circus/build/run.js:60:9)
    at run (/home/mmittelb/Projects/stolen-api-services/node_modules/jest-circus/build/run.js:25:3)</failure>
    </testcase>
  </testsuite>
  <testsuite name="UsersTwofaService" errors="0" failures="17" skipped="0" timestamp="2021-12-13T16:20:53" time="6.874" tests="17">
    <testcase classname="UsersTwofaService twofaCreate should not find the user" name="UsersTwofaService twofaCreate should not find the user" time="0.001">
      <failure>Error: Status Code is 403 (MongoDB&apos;s 404)
This means that the requested version-platform combination doesn&apos;t exist
  Used Url: &quot;https://fastdl.mongodb.org/linux/mongodb-linux-x86_64-ubuntu2104-5.0.3.tgz&quot;
Try to use different version &apos;new MongoMemoryServer({ binary: { version: &apos;X.Y.Z&apos; } })&apos;
List of available versions can be found here:
  https://www.mongodb.org/dl/linux for Linux
  https://www.mongodb.org/dl/osx for OSX
  https://www.mongodb.org/dl/win32 for Windows
    at ClientRequest.&lt;anonymous&gt; (/home/mmittelb/Projects/stolen-api-services/node_modules/mongodb-memory-server-core/src/util/MongoBinaryDownload.ts:418:17)
    at Object.onceWrapper (events.js:520:26)
    at ClientRequest.emit (events.js:400:28)
    at HTTPParser.parserOnIncomingClient (_http_client.js:647:27)
    at HTTPParser.parserOnHeadersComplete (_http_common.js:126:17)
    at TLSSocket.socketOnData (_http_client.js:515:22)
    at TLSSocket.emit (events.js:400:28)
    at addChunk (internal/streams/readable.js:290:12)
    at readableAddChunk (internal/streams/readable.js:265:9)
    at TLSSocket.Readable.push (internal/streams/readable.js:204:10)</failure>
      <failure>TypeError: Cannot read property &apos;close&apos; of undefined
    at Object.&lt;anonymous&gt; (/home/mmittelb/Projects/stolen-api-services/apps/user/src/v1/users-twofa/users-twofa.service.spec.ts:95:22)
    at Promise.then.completed (/home/mmittelb/Projects/stolen-api-services/node_modules/jest-circus/build/utils.js:390:28)
    at new Promise (&lt;anonymous&gt;)
    at callAsyncCircusFn (/home/mmittelb/Projects/stolen-api-services/node_modules/jest-circus/build/utils.js:315:10)
    at _callCircusHook (/home/mmittelb/Projects/stolen-api-services/node_modules/jest-circus/build/run.js:181:40)
    at _runTest (/home/mmittelb/Projects/stolen-api-services/node_modules/jest-circus/build/run.js:158:5)
    at _runTestsForDescribeBlock (/home/mmittelb/Projects/stolen-api-services/node_modules/jest-circus/build/run.js:66:9)
    at _runTestsForDescribeBlock (/home/mmittelb/Projects/stolen-api-services/node_modules/jest-circus/build/run.js:60:9)
    at _runTestsForDescribeBlock (/home/mmittelb/Projects/stolen-api-services/node_modules/jest-circus/build/run.js:60:9)
    at run (/home/mmittelb/Projects/stolen-api-services/node_modules/jest-circus/build/run.js:25:3)</failure>
    </testcase>
    <testcase classname="UsersTwofaService twofaCreate should have a not activated account" name="UsersTwofaService twofaCreate should have a not activated account" time="0.001">
      <failure>Error: Status Code is 403 (MongoDB&apos;s 404)
This means that the requested version-platform combination doesn&apos;t exist
  Used Url: &quot;https://fastdl.mongodb.org/linux/mongodb-linux-x86_64-ubuntu2104-5.0.3.tgz&quot;
Try to use different version &apos;new MongoMemoryServer({ binary: { version: &apos;X.Y.Z&apos; } })&apos;
List of available versions can be found here:
  https://www.mongodb.org/dl/linux for Linux
  https://www.mongodb.org/dl/osx for OSX
  https://www.mongodb.org/dl/win32 for Windows
    at ClientRequest.&lt;anonymous&gt; (/home/mmittelb/Projects/stolen-api-services/node_modules/mongodb-memory-server-core/src/util/MongoBinaryDownload.ts:418:17)
    at Object.onceWrapper (events.js:520:26)
    at ClientRequest.emit (events.js:400:28)
    at HTTPParser.parserOnIncomingClient (_http_client.js:647:27)
    at HTTPParser.parserOnHeadersComplete (_http_common.js:126:17)
    at TLSSocket.socketOnData (_http_client.js:515:22)
    at TLSSocket.emit (events.js:400:28)
    at addChunk (internal/streams/readable.js:290:12)
    at readableAddChunk (internal/streams/readable.js:265:9)
    at TLSSocket.Readable.push (internal/streams/readable.js:204:10)</failure>
      <failure>TypeError: Cannot read property &apos;close&apos; of undefined
    at Object.&lt;anonymous&gt; (/home/mmittelb/Projects/stolen-api-services/apps/user/src/v1/users-twofa/users-twofa.service.spec.ts:95:22)
    at Promise.then.completed (/home/mmittelb/Projects/stolen-api-services/node_modules/jest-circus/build/utils.js:390:28)
    at new Promise (&lt;anonymous&gt;)
    at callAsyncCircusFn (/home/mmittelb/Projects/stolen-api-services/node_modules/jest-circus/build/utils.js:315:10)
    at _callCircusHook (/home/mmittelb/Projects/stolen-api-services/node_modules/jest-circus/build/run.js:181:40)
    at _runTest (/home/mmittelb/Projects/stolen-api-services/node_modules/jest-circus/build/run.js:158:5)
    at _runTestsForDescribeBlock (/home/mmittelb/Projects/stolen-api-services/node_modules/jest-circus/build/run.js:66:9)
    at _runTestsForDescribeBlock (/home/mmittelb/Projects/stolen-api-services/node_modules/jest-circus/build/run.js:60:9)
    at _runTestsForDescribeBlock (/home/mmittelb/Projects/stolen-api-services/node_modules/jest-circus/build/run.js:60:9)
    at run (/home/mmittelb/Projects/stolen-api-services/node_modules/jest-circus/build/run.js:25:3)</failure>
    </testcase>
    <testcase classname="UsersTwofaService twofaCreate should detect missing config" name="UsersTwofaService twofaCreate should detect missing config" time="0.001">
      <failure>Error: Status Code is 403 (MongoDB&apos;s 404)
This means that the requested version-platform combination doesn&apos;t exist
  Used Url: &quot;https://fastdl.mongodb.org/linux/mongodb-linux-x86_64-ubuntu2104-5.0.3.tgz&quot;
Try to use different version &apos;new MongoMemoryServer({ binary: { version: &apos;X.Y.Z&apos; } })&apos;
List of available versions can be found here:
  https://www.mongodb.org/dl/linux for Linux
  https://www.mongodb.org/dl/osx for OSX
  https://www.mongodb.org/dl/win32 for Windows
    at ClientRequest.&lt;anonymous&gt; (/home/mmittelb/Projects/stolen-api-services/node_modules/mongodb-memory-server-core/src/util/MongoBinaryDownload.ts:418:17)
    at Object.onceWrapper (events.js:520:26)
    at ClientRequest.emit (events.js:400:28)
    at HTTPParser.parserOnIncomingClient (_http_client.js:647:27)
    at HTTPParser.parserOnHeadersComplete (_http_common.js:126:17)
    at TLSSocket.socketOnData (_http_client.js:515:22)
    at TLSSocket.emit (events.js:400:28)
    at addChunk (internal/streams/readable.js:290:12)
    at readableAddChunk (internal/streams/readable.js:265:9)
    at TLSSocket.Readable.push (internal/streams/readable.js:204:10)</failure>
      <failure>TypeError: Cannot read property &apos;close&apos; of undefined
    at Object.&lt;anonymous&gt; (/home/mmittelb/Projects/stolen-api-services/apps/user/src/v1/users-twofa/users-twofa.service.spec.ts:95:22)
    at Promise.then.completed (/home/mmittelb/Projects/stolen-api-services/node_modules/jest-circus/build/utils.js:390:28)
    at new Promise (&lt;anonymous&gt;)
    at callAsyncCircusFn (/home/mmittelb/Projects/stolen-api-services/node_modules/jest-circus/build/utils.js:315:10)
    at _callCircusHook (/home/mmittelb/Projects/stolen-api-services/node_modules/jest-circus/build/run.js:181:40)
    at _runTest (/home/mmittelb/Projects/stolen-api-services/node_modules/jest-circus/build/run.js:158:5)
    at _runTestsForDescribeBlock (/home/mmittelb/Projects/stolen-api-services/node_modules/jest-circus/build/run.js:66:9)
    at _runTestsForDescribeBlock (/home/mmittelb/Projects/stolen-api-services/node_modules/jest-circus/build/run.js:60:9)
    at _runTestsForDescribeBlock (/home/mmittelb/Projects/stolen-api-services/node_modules/jest-circus/build/run.js:60:9)
    at run (/home/mmittelb/Projects/stolen-api-services/node_modules/jest-circus/build/run.js:25:3)</failure>
    </testcase>
    <testcase classname="UsersTwofaService twofaCreate should detect missing primary email" name="UsersTwofaService twofaCreate should detect missing primary email" time="0">
      <failure>Error: Status Code is 403 (MongoDB&apos;s 404)
This means that the requested version-platform combination doesn&apos;t exist
  Used Url: &quot;https://fastdl.mongodb.org/linux/mongodb-linux-x86_64-ubuntu2104-5.0.3.tgz&quot;
Try to use different version &apos;new MongoMemoryServer({ binary: { version: &apos;X.Y.Z&apos; } })&apos;
List of available versions can be found here:
  https://www.mongodb.org/dl/linux for Linux
  https://www.mongodb.org/dl/osx for OSX
  https://www.mongodb.org/dl/win32 for Windows
    at ClientRequest.&lt;anonymous&gt; (/home/mmittelb/Projects/stolen-api-services/node_modules/mongodb-memory-server-core/src/util/MongoBinaryDownload.ts:418:17)
    at Object.onceWrapper (events.js:520:26)
    at ClientRequest.emit (events.js:400:28)
    at HTTPParser.parserOnIncomingClient (_http_client.js:647:27)
    at HTTPParser.parserOnHeadersComplete (_http_common.js:126:17)
    at TLSSocket.socketOnData (_http_client.js:515:22)
    at TLSSocket.emit (events.js:400:28)
    at addChunk (internal/streams/readable.js:290:12)
    at readableAddChunk (internal/streams/readable.js:265:9)
    at TLSSocket.Readable.push (internal/streams/readable.js:204:10)</failure>
      <failure>TypeError: Cannot read property &apos;close&apos; of undefined
    at Object.&lt;anonymous&gt; (/home/mmittelb/Projects/stolen-api-services/apps/user/src/v1/users-twofa/users-twofa.service.spec.ts:95:22)
    at Promise.then.completed (/home/mmittelb/Projects/stolen-api-services/node_modules/jest-circus/build/utils.js:390:28)
    at new Promise (&lt;anonymous&gt;)
    at callAsyncCircusFn (/home/mmittelb/Projects/stolen-api-services/node_modules/jest-circus/build/utils.js:315:10)
    at _callCircusHook (/home/mmittelb/Projects/stolen-api-services/node_modules/jest-circus/build/run.js:181:40)
    at _runTest (/home/mmittelb/Projects/stolen-api-services/node_modules/jest-circus/build/run.js:158:5)
    at _runTestsForDescribeBlock (/home/mmittelb/Projects/stolen-api-services/node_modules/jest-circus/build/run.js:66:9)
    at _runTestsForDescribeBlock (/home/mmittelb/Projects/stolen-api-services/node_modules/jest-circus/build/run.js:60:9)
    at _runTestsForDescribeBlock (/home/mmittelb/Projects/stolen-api-services/node_modules/jest-circus/build/run.js:60:9)
    at run (/home/mmittelb/Projects/stolen-api-services/node_modules/jest-circus/build/run.js:25:3)</failure>
    </testcase>
    <testcase classname="UsersTwofaService twofaCreate should succeed" name="UsersTwofaService twofaCreate should succeed" time="0">
      <failure>Error: Status Code is 403 (MongoDB&apos;s 404)
This means that the requested version-platform combination doesn&apos;t exist
  Used Url: &quot;https://fastdl.mongodb.org/linux/mongodb-linux-x86_64-ubuntu2104-5.0.3.tgz&quot;
Try to use different version &apos;new MongoMemoryServer({ binary: { version: &apos;X.Y.Z&apos; } })&apos;
List of available versions can be found here:
  https://www.mongodb.org/dl/linux for Linux
  https://www.mongodb.org/dl/osx for OSX
  https://www.mongodb.org/dl/win32 for Windows
    at ClientRequest.&lt;anonymous&gt; (/home/mmittelb/Projects/stolen-api-services/node_modules/mongodb-memory-server-core/src/util/MongoBinaryDownload.ts:418:17)
    at Object.onceWrapper (events.js:520:26)
    at ClientRequest.emit (events.js:400:28)
    at HTTPParser.parserOnIncomingClient (_http_client.js:647:27)
    at HTTPParser.parserOnHeadersComplete (_http_common.js:126:17)
    at TLSSocket.socketOnData (_http_client.js:515:22)
    at TLSSocket.emit (events.js:400:28)
    at addChunk (internal/streams/readable.js:290:12)
    at readableAddChunk (internal/streams/readable.js:265:9)
    at TLSSocket.Readable.push (internal/streams/readable.js:204:10)</failure>
      <failure>TypeError: Cannot read property &apos;close&apos; of undefined
    at Object.&lt;anonymous&gt; (/home/mmittelb/Projects/stolen-api-services/apps/user/src/v1/users-twofa/users-twofa.service.spec.ts:95:22)
    at Promise.then.completed (/home/mmittelb/Projects/stolen-api-services/node_modules/jest-circus/build/utils.js:390:28)
    at new Promise (&lt;anonymous&gt;)
    at callAsyncCircusFn (/home/mmittelb/Projects/stolen-api-services/node_modules/jest-circus/build/utils.js:315:10)
    at _callCircusHook (/home/mmittelb/Projects/stolen-api-services/node_modules/jest-circus/build/run.js:181:40)
    at _runTest (/home/mmittelb/Projects/stolen-api-services/node_modules/jest-circus/build/run.js:158:5)
    at _runTestsForDescribeBlock (/home/mmittelb/Projects/stolen-api-services/node_modules/jest-circus/build/run.js:66:9)
    at _runTestsForDescribeBlock (/home/mmittelb/Projects/stolen-api-services/node_modules/jest-circus/build/run.js:60:9)
    at _runTestsForDescribeBlock (/home/mmittelb/Projects/stolen-api-services/node_modules/jest-circus/build/run.js:60:9)
    at run (/home/mmittelb/Projects/stolen-api-services/node_modules/jest-circus/build/run.js:25:3)</failure>
    </testcase>
    <testcase classname="UsersTwofaService twofaActivate should not find the user" name="UsersTwofaService twofaActivate should not find the user" time="0.001">
      <failure>Error: Status Code is 403 (MongoDB&apos;s 404)
This means that the requested version-platform combination doesn&apos;t exist
  Used Url: &quot;https://fastdl.mongodb.org/linux/mongodb-linux-x86_64-ubuntu2104-5.0.3.tgz&quot;
Try to use different version &apos;new MongoMemoryServer({ binary: { version: &apos;X.Y.Z&apos; } })&apos;
List of available versions can be found here:
  https://www.mongodb.org/dl/linux for Linux
  https://www.mongodb.org/dl/osx for OSX
  https://www.mongodb.org/dl/win32 for Windows
    at ClientRequest.&lt;anonymous&gt; (/home/mmittelb/Projects/stolen-api-services/node_modules/mongodb-memory-server-core/src/util/MongoBinaryDownload.ts:418:17)
    at Object.onceWrapper (events.js:520:26)
    at ClientRequest.emit (events.js:400:28)
    at HTTPParser.parserOnIncomingClient (_http_client.js:647:27)
    at HTTPParser.parserOnHeadersComplete (_http_common.js:126:17)
    at TLSSocket.socketOnData (_http_client.js:515:22)
    at TLSSocket.emit (events.js:400:28)
    at addChunk (internal/streams/readable.js:290:12)
    at readableAddChunk (internal/streams/readable.js:265:9)
    at TLSSocket.Readable.push (internal/streams/readable.js:204:10)</failure>
      <failure>TypeError: Cannot read property &apos;close&apos; of undefined
    at Object.&lt;anonymous&gt; (/home/mmittelb/Projects/stolen-api-services/apps/user/src/v1/users-twofa/users-twofa.service.spec.ts:95:22)
    at Promise.then.completed (/home/mmittelb/Projects/stolen-api-services/node_modules/jest-circus/build/utils.js:390:28)
    at new Promise (&lt;anonymous&gt;)
    at callAsyncCircusFn (/home/mmittelb/Projects/stolen-api-services/node_modules/jest-circus/build/utils.js:315:10)
    at _callCircusHook (/home/mmittelb/Projects/stolen-api-services/node_modules/jest-circus/build/run.js:181:40)
    at _runTest (/home/mmittelb/Projects/stolen-api-services/node_modules/jest-circus/build/run.js:158:5)
    at _runTestsForDescribeBlock (/home/mmittelb/Projects/stolen-api-services/node_modules/jest-circus/build/run.js:66:9)
    at _runTestsForDescribeBlock (/home/mmittelb/Projects/stolen-api-services/node_modules/jest-circus/build/run.js:60:9)
    at _runTestsForDescribeBlock (/home/mmittelb/Projects/stolen-api-services/node_modules/jest-circus/build/run.js:60:9)
    at run (/home/mmittelb/Projects/stolen-api-services/node_modules/jest-circus/build/run.js:25:3)</failure>
    </testcase>
    <testcase classname="UsersTwofaService twofaActivate should have a not activated account" name="UsersTwofaService twofaActivate should have a not activated account" time="0.001">
      <failure>Error: Status Code is 403 (MongoDB&apos;s 404)
This means that the requested version-platform combination doesn&apos;t exist
  Used Url: &quot;https://fastdl.mongodb.org/linux/mongodb-linux-x86_64-ubuntu2104-5.0.3.tgz&quot;
Try to use different version &apos;new MongoMemoryServer({ binary: { version: &apos;X.Y.Z&apos; } })&apos;
List of available versions can be found here:
  https://www.mongodb.org/dl/linux for Linux
  https://www.mongodb.org/dl/osx for OSX
  https://www.mongodb.org/dl/win32 for Windows
    at ClientRequest.&lt;anonymous&gt; (/home/mmittelb/Projects/stolen-api-services/node_modules/mongodb-memory-server-core/src/util/MongoBinaryDownload.ts:418:17)
    at Object.onceWrapper (events.js:520:26)
    at ClientRequest.emit (events.js:400:28)
    at HTTPParser.parserOnIncomingClient (_http_client.js:647:27)
    at HTTPParser.parserOnHeadersComplete (_http_common.js:126:17)
    at TLSSocket.socketOnData (_http_client.js:515:22)
    at TLSSocket.emit (events.js:400:28)
    at addChunk (internal/streams/readable.js:290:12)
    at readableAddChunk (internal/streams/readable.js:265:9)
    at TLSSocket.Readable.push (internal/streams/readable.js:204:10)</failure>
      <failure>TypeError: Cannot read property &apos;close&apos; of undefined
    at Object.&lt;anonymous&gt; (/home/mmittelb/Projects/stolen-api-services/apps/user/src/v1/users-twofa/users-twofa.service.spec.ts:95:22)
    at Promise.then.completed (/home/mmittelb/Projects/stolen-api-services/node_modules/jest-circus/build/utils.js:390:28)
    at new Promise (&lt;anonymous&gt;)
    at callAsyncCircusFn (/home/mmittelb/Projects/stolen-api-services/node_modules/jest-circus/build/utils.js:315:10)
    at _callCircusHook (/home/mmittelb/Projects/stolen-api-services/node_modules/jest-circus/build/run.js:181:40)
    at _runTest (/home/mmittelb/Projects/stolen-api-services/node_modules/jest-circus/build/run.js:158:5)
    at _runTestsForDescribeBlock (/home/mmittelb/Projects/stolen-api-services/node_modules/jest-circus/build/run.js:66:9)
    at _runTestsForDescribeBlock (/home/mmittelb/Projects/stolen-api-services/node_modules/jest-circus/build/run.js:60:9)
    at _runTestsForDescribeBlock (/home/mmittelb/Projects/stolen-api-services/node_modules/jest-circus/build/run.js:60:9)
    at run (/home/mmittelb/Projects/stolen-api-services/node_modules/jest-circus/build/run.js:25:3)</failure>
    </testcase>
    <testcase classname="UsersTwofaService twofaActivate should have a too weak secret" name="UsersTwofaService twofaActivate should have a too weak secret" time="0.001">
      <failure>Error: Status Code is 403 (MongoDB&apos;s 404)
This means that the requested version-platform combination doesn&apos;t exist
  Used Url: &quot;https://fastdl.mongodb.org/linux/mongodb-linux-x86_64-ubuntu2104-5.0.3.tgz&quot;
Try to use different version &apos;new MongoMemoryServer({ binary: { version: &apos;X.Y.Z&apos; } })&apos;
List of available versions can be found here:
  https://www.mongodb.org/dl/linux for Linux
  https://www.mongodb.org/dl/osx for OSX
  https://www.mongodb.org/dl/win32 for Windows
    at ClientRequest.&lt;anonymous&gt; (/home/mmittelb/Projects/stolen-api-services/node_modules/mongodb-memory-server-core/src/util/MongoBinaryDownload.ts:418:17)
    at Object.onceWrapper (events.js:520:26)
    at ClientRequest.emit (events.js:400:28)
    at HTTPParser.parserOnIncomingClient (_http_client.js:647:27)
    at HTTPParser.parserOnHeadersComplete (_http_common.js:126:17)
    at TLSSocket.socketOnData (_http_client.js:515:22)
    at TLSSocket.emit (events.js:400:28)
    at addChunk (internal/streams/readable.js:290:12)
    at readableAddChunk (internal/streams/readable.js:265:9)
    at TLSSocket.Readable.push (internal/streams/readable.js:204:10)</failure>
      <failure>TypeError: Cannot read property &apos;close&apos; of undefined
    at Object.&lt;anonymous&gt; (/home/mmittelb/Projects/stolen-api-services/apps/user/src/v1/users-twofa/users-twofa.service.spec.ts:95:22)
    at Promise.then.completed (/home/mmittelb/Projects/stolen-api-services/node_modules/jest-circus/build/utils.js:390:28)
    at new Promise (&lt;anonymous&gt;)
    at callAsyncCircusFn (/home/mmittelb/Projects/stolen-api-services/node_modules/jest-circus/build/utils.js:315:10)
    at _callCircusHook (/home/mmittelb/Projects/stolen-api-services/node_modules/jest-circus/build/run.js:181:40)
    at _runTest (/home/mmittelb/Projects/stolen-api-services/node_modules/jest-circus/build/run.js:158:5)
    at _runTestsForDescribeBlock (/home/mmittelb/Projects/stolen-api-services/node_modules/jest-circus/build/run.js:66:9)
    at _runTestsForDescribeBlock (/home/mmittelb/Projects/stolen-api-services/node_modules/jest-circus/build/run.js:60:9)
    at _runTestsForDescribeBlock (/home/mmittelb/Projects/stolen-api-services/node_modules/jest-circus/build/run.js:60:9)
    at run (/home/mmittelb/Projects/stolen-api-services/node_modules/jest-circus/build/run.js:25:3)</failure>
    </testcase>
    <testcase classname="UsersTwofaService twofaActivate should succeed" name="UsersTwofaService twofaActivate should succeed" time="0.001">
      <failure>Error: Status Code is 403 (MongoDB&apos;s 404)
This means that the requested version-platform combination doesn&apos;t exist
  Used Url: &quot;https://fastdl.mongodb.org/linux/mongodb-linux-x86_64-ubuntu2104-5.0.3.tgz&quot;
Try to use different version &apos;new MongoMemoryServer({ binary: { version: &apos;X.Y.Z&apos; } })&apos;
List of available versions can be found here:
  https://www.mongodb.org/dl/linux for Linux
  https://www.mongodb.org/dl/osx for OSX
  https://www.mongodb.org/dl/win32 for Windows
    at ClientRequest.&lt;anonymous&gt; (/home/mmittelb/Projects/stolen-api-services/node_modules/mongodb-memory-server-core/src/util/MongoBinaryDownload.ts:418:17)
    at Object.onceWrapper (events.js:520:26)
    at ClientRequest.emit (events.js:400:28)
    at HTTPParser.parserOnIncomingClient (_http_client.js:647:27)
    at HTTPParser.parserOnHeadersComplete (_http_common.js:126:17)
    at TLSSocket.socketOnData (_http_client.js:515:22)
    at TLSSocket.emit (events.js:400:28)
    at addChunk (internal/streams/readable.js:290:12)
    at readableAddChunk (internal/streams/readable.js:265:9)
    at TLSSocket.Readable.push (internal/streams/readable.js:204:10)</failure>
      <failure>TypeError: Cannot read property &apos;close&apos; of undefined
    at Object.&lt;anonymous&gt; (/home/mmittelb/Projects/stolen-api-services/apps/user/src/v1/users-twofa/users-twofa.service.spec.ts:95:22)
    at Promise.then.completed (/home/mmittelb/Projects/stolen-api-services/node_modules/jest-circus/build/utils.js:390:28)
    at new Promise (&lt;anonymous&gt;)
    at callAsyncCircusFn (/home/mmittelb/Projects/stolen-api-services/node_modules/jest-circus/build/utils.js:315:10)
    at _callCircusHook (/home/mmittelb/Projects/stolen-api-services/node_modules/jest-circus/build/run.js:181:40)
    at _runTest (/home/mmittelb/Projects/stolen-api-services/node_modules/jest-circus/build/run.js:158:5)
    at _runTestsForDescribeBlock (/home/mmittelb/Projects/stolen-api-services/node_modules/jest-circus/build/run.js:66:9)
    at _runTestsForDescribeBlock (/home/mmittelb/Projects/stolen-api-services/node_modules/jest-circus/build/run.js:60:9)
    at _runTestsForDescribeBlock (/home/mmittelb/Projects/stolen-api-services/node_modules/jest-circus/build/run.js:60:9)
    at run (/home/mmittelb/Projects/stolen-api-services/node_modules/jest-circus/build/run.js:25:3)</failure>
    </testcase>
    <testcase classname="UsersTwofaService twofaActivate should fail if token and secret dont match" name="UsersTwofaService twofaActivate should fail if token and secret dont match" time="0.001">
      <failure>Error: Status Code is 403 (MongoDB&apos;s 404)
This means that the requested version-platform combination doesn&apos;t exist
  Used Url: &quot;https://fastdl.mongodb.org/linux/mongodb-linux-x86_64-ubuntu2104-5.0.3.tgz&quot;
Try to use different version &apos;new MongoMemoryServer({ binary: { version: &apos;X.Y.Z&apos; } })&apos;
List of available versions can be found here:
  https://www.mongodb.org/dl/linux for Linux
  https://www.mongodb.org/dl/osx for OSX
  https://www.mongodb.org/dl/win32 for Windows
    at ClientRequest.&lt;anonymous&gt; (/home/mmittelb/Projects/stolen-api-services/node_modules/mongodb-memory-server-core/src/util/MongoBinaryDownload.ts:418:17)
    at Object.onceWrapper (events.js:520:26)
    at ClientRequest.emit (events.js:400:28)
    at HTTPParser.parserOnIncomingClient (_http_client.js:647:27)
    at HTTPParser.parserOnHeadersComplete (_http_common.js:126:17)
    at TLSSocket.socketOnData (_http_client.js:515:22)
    at TLSSocket.emit (events.js:400:28)
    at addChunk (internal/streams/readable.js:290:12)
    at readableAddChunk (internal/streams/readable.js:265:9)
    at TLSSocket.Readable.push (internal/streams/readable.js:204:10)</failure>
      <failure>TypeError: Cannot read property &apos;close&apos; of undefined
    at Object.&lt;anonymous&gt; (/home/mmittelb/Projects/stolen-api-services/apps/user/src/v1/users-twofa/users-twofa.service.spec.ts:95:22)
    at Promise.then.completed (/home/mmittelb/Projects/stolen-api-services/node_modules/jest-circus/build/utils.js:390:28)
    at new Promise (&lt;anonymous&gt;)
    at callAsyncCircusFn (/home/mmittelb/Projects/stolen-api-services/node_modules/jest-circus/build/utils.js:315:10)
    at _callCircusHook (/home/mmittelb/Projects/stolen-api-services/node_modules/jest-circus/build/run.js:181:40)
    at _runTest (/home/mmittelb/Projects/stolen-api-services/node_modules/jest-circus/build/run.js:158:5)
    at _runTestsForDescribeBlock (/home/mmittelb/Projects/stolen-api-services/node_modules/jest-circus/build/run.js:66:9)
    at _runTestsForDescribeBlock (/home/mmittelb/Projects/stolen-api-services/node_modules/jest-circus/build/run.js:60:9)
    at _runTestsForDescribeBlock (/home/mmittelb/Projects/stolen-api-services/node_modules/jest-circus/build/run.js:60:9)
    at run (/home/mmittelb/Projects/stolen-api-services/node_modules/jest-circus/build/run.js:25:3)</failure>
    </testcase>
    <testcase classname="UsersTwofaService twofaActivate should detect missing config" name="UsersTwofaService twofaActivate should detect missing config" time="0.001">
      <failure>Error: Status Code is 403 (MongoDB&apos;s 404)
This means that the requested version-platform combination doesn&apos;t exist
  Used Url: &quot;https://fastdl.mongodb.org/linux/mongodb-linux-x86_64-ubuntu2104-5.0.3.tgz&quot;
Try to use different version &apos;new MongoMemoryServer({ binary: { version: &apos;X.Y.Z&apos; } })&apos;
List of available versions can be found here:
  https://www.mongodb.org/dl/linux for Linux
  https://www.mongodb.org/dl/osx for OSX
  https://www.mongodb.org/dl/win32 for Windows
    at ClientRequest.&lt;anonymous&gt; (/home/mmittelb/Projects/stolen-api-services/node_modules/mongodb-memory-server-core/src/util/MongoBinaryDownload.ts:418:17)
    at Object.onceWrapper (events.js:520:26)
    at ClientRequest.emit (events.js:400:28)
    at HTTPParser.parserOnIncomingClient (_http_client.js:647:27)
    at HTTPParser.parserOnHeadersComplete (_http_common.js:126:17)
    at TLSSocket.socketOnData (_http_client.js:515:22)
    at TLSSocket.emit (events.js:400:28)
    at addChunk (internal/streams/readable.js:290:12)
    at readableAddChunk (internal/streams/readable.js:265:9)
    at TLSSocket.Readable.push (internal/streams/readable.js:204:10)</failure>
      <failure>TypeError: Cannot read property &apos;close&apos; of undefined
    at Object.&lt;anonymous&gt; (/home/mmittelb/Projects/stolen-api-services/apps/user/src/v1/users-twofa/users-twofa.service.spec.ts:95:22)
    at Promise.then.completed (/home/mmittelb/Projects/stolen-api-services/node_modules/jest-circus/build/utils.js:390:28)
    at new Promise (&lt;anonymous&gt;)
    at callAsyncCircusFn (/home/mmittelb/Projects/stolen-api-services/node_modules/jest-circus/build/utils.js:315:10)
    at _callCircusHook (/home/mmittelb/Projects/stolen-api-services/node_modules/jest-circus/build/run.js:181:40)
    at _runTest (/home/mmittelb/Projects/stolen-api-services/node_modules/jest-circus/build/run.js:158:5)
    at _runTestsForDescribeBlock (/home/mmittelb/Projects/stolen-api-services/node_modules/jest-circus/build/run.js:66:9)
    at _runTestsForDescribeBlock (/home/mmittelb/Projects/stolen-api-services/node_modules/jest-circus/build/run.js:60:9)
    at _runTestsForDescribeBlock (/home/mmittelb/Projects/stolen-api-services/node_modules/jest-circus/build/run.js:60:9)
    at run (/home/mmittelb/Projects/stolen-api-services/node_modules/jest-circus/build/run.js:25:3)</failure>
    </testcase>
    <testcase classname="UsersTwofaService twofaVerify should not find the user" name="UsersTwofaService twofaVerify should not find the user" time="0">
      <failure>Error: Status Code is 403 (MongoDB&apos;s 404)
This means that the requested version-platform combination doesn&apos;t exist
  Used Url: &quot;https://fastdl.mongodb.org/linux/mongodb-linux-x86_64-ubuntu2104-5.0.3.tgz&quot;
Try to use different version &apos;new MongoMemoryServer({ binary: { version: &apos;X.Y.Z&apos; } })&apos;
List of available versions can be found here:
  https://www.mongodb.org/dl/linux for Linux
  https://www.mongodb.org/dl/osx for OSX
  https://www.mongodb.org/dl/win32 for Windows
    at ClientRequest.&lt;anonymous&gt; (/home/mmittelb/Projects/stolen-api-services/node_modules/mongodb-memory-server-core/src/util/MongoBinaryDownload.ts:418:17)
    at Object.onceWrapper (events.js:520:26)
    at ClientRequest.emit (events.js:400:28)
    at HTTPParser.parserOnIncomingClient (_http_client.js:647:27)
    at HTTPParser.parserOnHeadersComplete (_http_common.js:126:17)
    at TLSSocket.socketOnData (_http_client.js:515:22)
    at TLSSocket.emit (events.js:400:28)
    at addChunk (internal/streams/readable.js:290:12)
    at readableAddChunk (internal/streams/readable.js:265:9)
    at TLSSocket.Readable.push (internal/streams/readable.js:204:10)</failure>
      <failure>TypeError: Cannot read property &apos;close&apos; of undefined
    at Object.&lt;anonymous&gt; (/home/mmittelb/Projects/stolen-api-services/apps/user/src/v1/users-twofa/users-twofa.service.spec.ts:95:22)
    at Promise.then.completed (/home/mmittelb/Projects/stolen-api-services/node_modules/jest-circus/build/utils.js:390:28)
    at new Promise (&lt;anonymous&gt;)
    at callAsyncCircusFn (/home/mmittelb/Projects/stolen-api-services/node_modules/jest-circus/build/utils.js:315:10)
    at _callCircusHook (/home/mmittelb/Projects/stolen-api-services/node_modules/jest-circus/build/run.js:181:40)
    at _runTest (/home/mmittelb/Projects/stolen-api-services/node_modules/jest-circus/build/run.js:158:5)
    at _runTestsForDescribeBlock (/home/mmittelb/Projects/stolen-api-services/node_modules/jest-circus/build/run.js:66:9)
    at _runTestsForDescribeBlock (/home/mmittelb/Projects/stolen-api-services/node_modules/jest-circus/build/run.js:60:9)
    at _runTestsForDescribeBlock (/home/mmittelb/Projects/stolen-api-services/node_modules/jest-circus/build/run.js:60:9)
    at run (/home/mmittelb/Projects/stolen-api-services/node_modules/jest-circus/build/run.js:25:3)</failure>
    </testcase>
    <testcase classname="UsersTwofaService twofaVerify should have a not activated account" name="UsersTwofaService twofaVerify should have a not activated account" time="0.001">
      <failure>Error: Status Code is 403 (MongoDB&apos;s 404)
This means that the requested version-platform combination doesn&apos;t exist
  Used Url: &quot;https://fastdl.mongodb.org/linux/mongodb-linux-x86_64-ubuntu2104-5.0.3.tgz&quot;
Try to use different version &apos;new MongoMemoryServer({ binary: { version: &apos;X.Y.Z&apos; } })&apos;
List of available versions can be found here:
  https://www.mongodb.org/dl/linux for Linux
  https://www.mongodb.org/dl/osx for OSX
  https://www.mongodb.org/dl/win32 for Windows
    at ClientRequest.&lt;anonymous&gt; (/home/mmittelb/Projects/stolen-api-services/node_modules/mongodb-memory-server-core/src/util/MongoBinaryDownload.ts:418:17)
    at Object.onceWrapper (events.js:520:26)
    at ClientRequest.emit (events.js:400:28)
    at HTTPParser.parserOnIncomingClient (_http_client.js:647:27)
    at HTTPParser.parserOnHeadersComplete (_http_common.js:126:17)
    at TLSSocket.socketOnData (_http_client.js:515:22)
    at TLSSocket.emit (events.js:400:28)
    at addChunk (internal/streams/readable.js:290:12)
    at readableAddChunk (internal/streams/readable.js:265:9)
    at TLSSocket.Readable.push (internal/streams/readable.js:204:10)</failure>
      <failure>TypeError: Cannot read property &apos;close&apos; of undefined
    at Object.&lt;anonymous&gt; (/home/mmittelb/Projects/stolen-api-services/apps/user/src/v1/users-twofa/users-twofa.service.spec.ts:95:22)
    at Promise.then.completed (/home/mmittelb/Projects/stolen-api-services/node_modules/jest-circus/build/utils.js:390:28)
    at new Promise (&lt;anonymous&gt;)
    at callAsyncCircusFn (/home/mmittelb/Projects/stolen-api-services/node_modules/jest-circus/build/utils.js:315:10)
    at _callCircusHook (/home/mmittelb/Projects/stolen-api-services/node_modules/jest-circus/build/run.js:181:40)
    at _runTest (/home/mmittelb/Projects/stolen-api-services/node_modules/jest-circus/build/run.js:158:5)
    at _runTestsForDescribeBlock (/home/mmittelb/Projects/stolen-api-services/node_modules/jest-circus/build/run.js:66:9)
    at _runTestsForDescribeBlock (/home/mmittelb/Projects/stolen-api-services/node_modules/jest-circus/build/run.js:60:9)
    at _runTestsForDescribeBlock (/home/mmittelb/Projects/stolen-api-services/node_modules/jest-circus/build/run.js:60:9)
    at run (/home/mmittelb/Projects/stolen-api-services/node_modules/jest-circus/build/run.js:25:3)</failure>
    </testcase>
    <testcase classname="UsersTwofaService twofaVerify should have twofa not enabled" name="UsersTwofaService twofaVerify should have twofa not enabled" time="0.001">
      <failure>Error: Status Code is 403 (MongoDB&apos;s 404)
This means that the requested version-platform combination doesn&apos;t exist
  Used Url: &quot;https://fastdl.mongodb.org/linux/mongodb-linux-x86_64-ubuntu2104-5.0.3.tgz&quot;
Try to use different version &apos;new MongoMemoryServer({ binary: { version: &apos;X.Y.Z&apos; } })&apos;
List of available versions can be found here:
  https://www.mongodb.org/dl/linux for Linux
  https://www.mongodb.org/dl/osx for OSX
  https://www.mongodb.org/dl/win32 for Windows
    at ClientRequest.&lt;anonymous&gt; (/home/mmittelb/Projects/stolen-api-services/node_modules/mongodb-memory-server-core/src/util/MongoBinaryDownload.ts:418:17)
    at Object.onceWrapper (events.js:520:26)
    at ClientRequest.emit (events.js:400:28)
    at HTTPParser.parserOnIncomingClient (_http_client.js:647:27)
    at HTTPParser.parserOnHeadersComplete (_http_common.js:126:17)
    at TLSSocket.socketOnData (_http_client.js:515:22)
    at TLSSocket.emit (events.js:400:28)
    at addChunk (internal/streams/readable.js:290:12)
    at readableAddChunk (internal/streams/readable.js:265:9)
    at TLSSocket.Readable.push (internal/streams/readable.js:204:10)</failure>
      <failure>TypeError: Cannot read property &apos;close&apos; of undefined
    at Object.&lt;anonymous&gt; (/home/mmittelb/Projects/stolen-api-services/apps/user/src/v1/users-twofa/users-twofa.service.spec.ts:95:22)
    at Promise.then.completed (/home/mmittelb/Projects/stolen-api-services/node_modules/jest-circus/build/utils.js:390:28)
    at new Promise (&lt;anonymous&gt;)
    at callAsyncCircusFn (/home/mmittelb/Projects/stolen-api-services/node_modules/jest-circus/build/utils.js:315:10)
    at _callCircusHook (/home/mmittelb/Projects/stolen-api-services/node_modules/jest-circus/build/run.js:181:40)
    at _runTest (/home/mmittelb/Projects/stolen-api-services/node_modules/jest-circus/build/run.js:158:5)
    at _runTestsForDescribeBlock (/home/mmittelb/Projects/stolen-api-services/node_modules/jest-circus/build/run.js:66:9)
    at _runTestsForDescribeBlock (/home/mmittelb/Projects/stolen-api-services/node_modules/jest-circus/build/run.js:60:9)
    at _runTestsForDescribeBlock (/home/mmittelb/Projects/stolen-api-services/node_modules/jest-circus/build/run.js:60:9)
    at run (/home/mmittelb/Projects/stolen-api-services/node_modules/jest-circus/build/run.js:25:3)</failure>
    </testcase>
    <testcase classname="UsersTwofaService twofaVerify should detect missing config" name="UsersTwofaService twofaVerify should detect missing config" time="0">
      <failure>Error: Status Code is 403 (MongoDB&apos;s 404)
This means that the requested version-platform combination doesn&apos;t exist
  Used Url: &quot;https://fastdl.mongodb.org/linux/mongodb-linux-x86_64-ubuntu2104-5.0.3.tgz&quot;
Try to use different version &apos;new MongoMemoryServer({ binary: { version: &apos;X.Y.Z&apos; } })&apos;
List of available versions can be found here:
  https://www.mongodb.org/dl/linux for Linux
  https://www.mongodb.org/dl/osx for OSX
  https://www.mongodb.org/dl/win32 for Windows
    at ClientRequest.&lt;anonymous&gt; (/home/mmittelb/Projects/stolen-api-services/node_modules/mongodb-memory-server-core/src/util/MongoBinaryDownload.ts:418:17)
    at Object.onceWrapper (events.js:520:26)
    at ClientRequest.emit (events.js:400:28)
    at HTTPParser.parserOnIncomingClient (_http_client.js:647:27)
    at HTTPParser.parserOnHeadersComplete (_http_common.js:126:17)
    at TLSSocket.socketOnData (_http_client.js:515:22)
    at TLSSocket.emit (events.js:400:28)
    at addChunk (internal/streams/readable.js:290:12)
    at readableAddChunk (internal/streams/readable.js:265:9)
    at TLSSocket.Readable.push (internal/streams/readable.js:204:10)</failure>
      <failure>TypeError: Cannot read property &apos;close&apos; of undefined
    at Object.&lt;anonymous&gt; (/home/mmittelb/Projects/stolen-api-services/apps/user/src/v1/users-twofa/users-twofa.service.spec.ts:95:22)
    at Promise.then.completed (/home/mmittelb/Projects/stolen-api-services/node_modules/jest-circus/build/utils.js:390:28)
    at new Promise (&lt;anonymous&gt;)
    at callAsyncCircusFn (/home/mmittelb/Projects/stolen-api-services/node_modules/jest-circus/build/utils.js:315:10)
    at _callCircusHook (/home/mmittelb/Projects/stolen-api-services/node_modules/jest-circus/build/run.js:181:40)
    at _runTest (/home/mmittelb/Projects/stolen-api-services/node_modules/jest-circus/build/run.js:158:5)
    at _runTestsForDescribeBlock (/home/mmittelb/Projects/stolen-api-services/node_modules/jest-circus/build/run.js:66:9)
    at _runTestsForDescribeBlock (/home/mmittelb/Projects/stolen-api-services/node_modules/jest-circus/build/run.js:60:9)
    at _runTestsForDescribeBlock (/home/mmittelb/Projects/stolen-api-services/node_modules/jest-circus/build/run.js:60:9)
    at run (/home/mmittelb/Projects/stolen-api-services/node_modules/jest-circus/build/run.js:25:3)</failure>
    </testcase>
    <testcase classname="UsersTwofaService twofaVerify should detect empty secret" name="UsersTwofaService twofaVerify should detect empty secret" time="0.001">
      <failure>Error: Status Code is 403 (MongoDB&apos;s 404)
This means that the requested version-platform combination doesn&apos;t exist
  Used Url: &quot;https://fastdl.mongodb.org/linux/mongodb-linux-x86_64-ubuntu2104-5.0.3.tgz&quot;
Try to use different version &apos;new MongoMemoryServer({ binary: { version: &apos;X.Y.Z&apos; } })&apos;
List of available versions can be found here:
  https://www.mongodb.org/dl/linux for Linux
  https://www.mongodb.org/dl/osx for OSX
  https://www.mongodb.org/dl/win32 for Windows
    at ClientRequest.&lt;anonymous&gt; (/home/mmittelb/Projects/stolen-api-services/node_modules/mongodb-memory-server-core/src/util/MongoBinaryDownload.ts:418:17)
    at Object.onceWrapper (events.js:520:26)
    at ClientRequest.emit (events.js:400:28)
    at HTTPParser.parserOnIncomingClient (_http_client.js:647:27)
    at HTTPParser.parserOnHeadersComplete (_http_common.js:126:17)
    at TLSSocket.socketOnData (_http_client.js:515:22)
    at TLSSocket.emit (events.js:400:28)
    at addChunk (internal/streams/readable.js:290:12)
    at readableAddChunk (internal/streams/readable.js:265:9)
    at TLSSocket.Readable.push (internal/streams/readable.js:204:10)</failure>
      <failure>TypeError: Cannot read property &apos;close&apos; of undefined
    at Object.&lt;anonymous&gt; (/home/mmittelb/Projects/stolen-api-services/apps/user/src/v1/users-twofa/users-twofa.service.spec.ts:95:22)
    at Promise.then.completed (/home/mmittelb/Projects/stolen-api-services/node_modules/jest-circus/build/utils.js:390:28)
    at new Promise (&lt;anonymous&gt;)
    at callAsyncCircusFn (/home/mmittelb/Projects/stolen-api-services/node_modules/jest-circus/build/utils.js:315:10)
    at _callCircusHook (/home/mmittelb/Projects/stolen-api-services/node_modules/jest-circus/build/run.js:181:40)
    at _runTest (/home/mmittelb/Projects/stolen-api-services/node_modules/jest-circus/build/run.js:158:5)
    at _runTestsForDescribeBlock (/home/mmittelb/Projects/stolen-api-services/node_modules/jest-circus/build/run.js:66:9)
    at _runTestsForDescribeBlock (/home/mmittelb/Projects/stolen-api-services/node_modules/jest-circus/build/run.js:60:9)
    at _runTestsForDescribeBlock (/home/mmittelb/Projects/stolen-api-services/node_modules/jest-circus/build/run.js:60:9)
    at run (/home/mmittelb/Projects/stolen-api-services/node_modules/jest-circus/build/run.js:25:3)</failure>
    </testcase>
    <testcase classname="UsersTwofaService twofaVerify should succeed" name="UsersTwofaService twofaVerify should succeed" time="0.015">
      <failure>Error: Status Code is 403 (MongoDB&apos;s 404)
This means that the requested version-platform combination doesn&apos;t exist
  Used Url: &quot;https://fastdl.mongodb.org/linux/mongodb-linux-x86_64-ubuntu2104-5.0.3.tgz&quot;
Try to use different version &apos;new MongoMemoryServer({ binary: { version: &apos;X.Y.Z&apos; } })&apos;
List of available versions can be found here:
  https://www.mongodb.org/dl/linux for Linux
  https://www.mongodb.org/dl/osx for OSX
  https://www.mongodb.org/dl/win32 for Windows
    at ClientRequest.&lt;anonymous&gt; (/home/mmittelb/Projects/stolen-api-services/node_modules/mongodb-memory-server-core/src/util/MongoBinaryDownload.ts:418:17)
    at Object.onceWrapper (events.js:520:26)
    at ClientRequest.emit (events.js:400:28)
    at HTTPParser.parserOnIncomingClient (_http_client.js:647:27)
    at HTTPParser.parserOnHeadersComplete (_http_common.js:126:17)
    at TLSSocket.socketOnData (_http_client.js:515:22)
    at TLSSocket.emit (events.js:400:28)
    at addChunk (internal/streams/readable.js:290:12)
    at readableAddChunk (internal/streams/readable.js:265:9)
    at TLSSocket.Readable.push (internal/streams/readable.js:204:10)</failure>
      <failure>TypeError: Cannot read property &apos;close&apos; of undefined
    at Object.&lt;anonymous&gt; (/home/mmittelb/Projects/stolen-api-services/apps/user/src/v1/users-twofa/users-twofa.service.spec.ts:95:22)
    at Promise.then.completed (/home/mmittelb/Projects/stolen-api-services/node_modules/jest-circus/build/utils.js:390:28)
    at new Promise (&lt;anonymous&gt;)
    at callAsyncCircusFn (/home/mmittelb/Projects/stolen-api-services/node_modules/jest-circus/build/utils.js:315:10)
    at _callCircusHook (/home/mmittelb/Projects/stolen-api-services/node_modules/jest-circus/build/run.js:181:40)
    at _runTest (/home/mmittelb/Projects/stolen-api-services/node_modules/jest-circus/build/run.js:158:5)
    at _runTestsForDescribeBlock (/home/mmittelb/Projects/stolen-api-services/node_modules/jest-circus/build/run.js:66:9)
    at _runTestsForDescribeBlock (/home/mmittelb/Projects/stolen-api-services/node_modules/jest-circus/build/run.js:60:9)
    at _runTestsForDescribeBlock (/home/mmittelb/Projects/stolen-api-services/node_modules/jest-circus/build/run.js:60:9)
    at run (/home/mmittelb/Projects/stolen-api-services/node_modules/jest-circus/build/run.js:25:3)</failure>
    </testcase>
  </testsuite>
  <testsuite name="UsersController (e2e)" errors="0" failures="1" skipped="0" timestamp="2021-12-13T16:21:00" time="2.946" tests="1">
    <testcase classname="UsersController (e2e) /health (GET)" name="UsersController (e2e) /health (GET)" time="0.42">
      <failure>Error: thrown: Object {
  &quot;err&quot;: [TypeError: Cannot read property &apos;heartbeat&apos; of undefined],
}
    at /home/mmittelb/Projects/stolen-api-services/apps/user/test/app.e2e-spec.ts:28:3
    at _dispatchDescribe (/home/mmittelb/Projects/stolen-api-services/node_modules/jest-circus/build/index.js:97:26)
    at describe (/home/mmittelb/Projects/stolen-api-services/node_modules/jest-circus/build/index.js:60:5)
    at Object.&lt;anonymous&gt; (/home/mmittelb/Projects/stolen-api-services/apps/user/test/app.e2e-spec.ts:12:1)
    at Runtime._execModule (/home/mmittelb/Projects/stolen-api-services/node_modules/jest-runtime/build/index.js:1646:24)
    at Runtime._loadModule (/home/mmittelb/Projects/stolen-api-services/node_modules/jest-runtime/build/index.js:1185:12)
    at Runtime.requireModule (/home/mmittelb/Projects/stolen-api-services/node_modules/jest-runtime/build/index.js:1009:12)
    at jestAdapter (/home/mmittelb/Projects/stolen-api-services/node_modules/jest-circus/build/legacy-code-todo-rewrite/jestAdapter.js:79:13)
    at runTestInternal (/home/mmittelb/Projects/stolen-api-services/node_modules/jest-runner/build/runTest.js:389:16)
    at runTest (/home/mmittelb/Projects/stolen-api-services/node_modules/jest-runner/build/runTest.js:475:34)</failure>
    </testcase>
  </testsuite>
  <testsuite name="CustomerUsersService" errors="0" failures="24" skipped="0" timestamp="2021-12-13T16:21:03" time="3.991" tests="24">
    <testcase classname="CustomerUsersService getCustomersByUser should find a doc" name="CustomerUsersService getCustomersByUser should find a doc" time="0.001">
      <failure>Error: Status Code is 403 (MongoDB&apos;s 404)
This means that the requested version-platform combination doesn&apos;t exist
  Used Url: &quot;https://fastdl.mongodb.org/linux/mongodb-linux-x86_64-ubuntu2104-5.0.3.tgz&quot;
Try to use different version &apos;new MongoMemoryServer({ binary: { version: &apos;X.Y.Z&apos; } })&apos;
List of available versions can be found here:
  https://www.mongodb.org/dl/linux for Linux
  https://www.mongodb.org/dl/osx for OSX
  https://www.mongodb.org/dl/win32 for Windows
    at ClientRequest.&lt;anonymous&gt; (/home/mmittelb/Projects/stolen-api-services/node_modules/mongodb-memory-server-core/src/util/MongoBinaryDownload.ts:418:17)
    at Object.onceWrapper (events.js:520:26)
    at ClientRequest.emit (events.js:400:28)
    at HTTPParser.parserOnIncomingClient (_http_client.js:647:27)
    at HTTPParser.parserOnHeadersComplete (_http_common.js:126:17)
    at TLSSocket.socketOnData (_http_client.js:515:22)
    at TLSSocket.emit (events.js:400:28)
    at addChunk (internal/streams/readable.js:290:12)
    at readableAddChunk (internal/streams/readable.js:265:9)
    at TLSSocket.Readable.push (internal/streams/readable.js:204:10)</failure>
      <failure>TypeError: Cannot read property &apos;close&apos; of undefined
    at Object.&lt;anonymous&gt; (/home/mmittelb/Projects/stolen-api-services/apps/customer/src/v1/customers-users/customers-users.service.spec.ts:110:22)
    at Promise.then.completed (/home/mmittelb/Projects/stolen-api-services/node_modules/jest-circus/build/utils.js:390:28)
    at new Promise (&lt;anonymous&gt;)
    at callAsyncCircusFn (/home/mmittelb/Projects/stolen-api-services/node_modules/jest-circus/build/utils.js:315:10)
    at _callCircusHook (/home/mmittelb/Projects/stolen-api-services/node_modules/jest-circus/build/run.js:181:40)
    at _runTest (/home/mmittelb/Projects/stolen-api-services/node_modules/jest-circus/build/run.js:158:5)
    at _runTestsForDescribeBlock (/home/mmittelb/Projects/stolen-api-services/node_modules/jest-circus/build/run.js:66:9)
    at _runTestsForDescribeBlock (/home/mmittelb/Projects/stolen-api-services/node_modules/jest-circus/build/run.js:60:9)
    at _runTestsForDescribeBlock (/home/mmittelb/Projects/stolen-api-services/node_modules/jest-circus/build/run.js:60:9)
    at run (/home/mmittelb/Projects/stolen-api-services/node_modules/jest-circus/build/run.js:25:3)</failure>
    </testcase>
    <testcase classname="CustomerUsersService getCustomersByUser should return an empty array" name="CustomerUsersService getCustomersByUser should return an empty array" time="0.001">
      <failure>Error: Status Code is 403 (MongoDB&apos;s 404)
This means that the requested version-platform combination doesn&apos;t exist
  Used Url: &quot;https://fastdl.mongodb.org/linux/mongodb-linux-x86_64-ubuntu2104-5.0.3.tgz&quot;
Try to use different version &apos;new MongoMemoryServer({ binary: { version: &apos;X.Y.Z&apos; } })&apos;
List of available versions can be found here:
  https://www.mongodb.org/dl/linux for Linux
  https://www.mongodb.org/dl/osx for OSX
  https://www.mongodb.org/dl/win32 for Windows
    at ClientRequest.&lt;anonymous&gt; (/home/mmittelb/Projects/stolen-api-services/node_modules/mongodb-memory-server-core/src/util/MongoBinaryDownload.ts:418:17)
[...]
    </testcase>
    <testcase classname="TagsController /customers/:id (PATCH) should call the service" name="TagsController /customers/:id (PATCH) should call the service" time="0.059">
    </testcase>
    <testcase classname="TagsController /customers/:id (PATCH) should detect an invalid id" name="TagsController /customers/:id (PATCH) should detect an invalid id" time="0.046">
    </testcase>
    <testcase classname="TagsController /customers/:id (PATCH) should detect a missing version-property" name="TagsController /customers/:id (PATCH) should detect a missing version-property" time="0.046">
    </testcase>
    <testcase classname="TagsController /customers/:id (DELETE) should call the service" name="TagsController /customers/:id (DELETE) should call the service" time="0.054">
    </testcase>
    <testcase classname="TagsController /customers/:id (DELETE) should detect an invalid id" name="TagsController /customers/:id (DELETE) should detect an invalid id" time="0.042">
    </testcase>
    <testcase classname="TagsController /customers/:id (DELETE) should detect an invalid id #2" name="TagsController /customers/:id (DELETE) should detect an invalid id #2" time="0.041">
    </testcase>
  </testsuite>
  <testsuite name="CustomersInvitationController" errors="0" failures="0" skipped="0" timestamp="2021-12-13T16:23:38" time="1.453" tests="9">
    <testcase classname="CustomersInvitationController should be defined" name="CustomersInvitationController should be defined" time="0.103">
    </testcase>
    <testcase classname="CustomersInvitationController /customers/invitations/join (POST) should call the service" name="CustomersInvitationController /customers/invitations/join (POST) should call the service" time="0.066">
    </testcase>
    <testcase classname="CustomersInvitationController /customers/invitations/join (POST) should detect an invalid token" name="CustomersInvitationController /customers/invitations/join (POST) should detect an invalid token" time="0.046">
    </testcase>
    <testcase classname="CustomersInvitationController /customers/invitations/:customerId (POST) should call the service" name="CustomersInvitationController /customers/invitations/:customerId (POST) should call the service" time="0.051">
    </testcase>
    <testcase classname="CustomersInvitationController /customers/invitations/:customerId (POST) should detect an invalid customerId" name="CustomersInvitationController /customers/invitations/:customerId (POST) should detect an invalid customerId" time="0.043">
    </testcase>
    <testcase classname="CustomersInvitationController /customers/invitations/:customerId (POST) should detect a missing email-property" name="CustomersInvitationController /customers/invitations/:customerId (POST) should detect a missing email-property" time="0.042">
    </testcase>
    <testcase classname="CustomersInvitationController /customers/invitations/:customerId (POST) should detect an invalid email" name="CustomersInvitationController /customers/invitations/:customerId (POST) should detect an invalid email" time="0.046">
    </testcase>
    <testcase classname="CustomersInvitationController /customers/invitations/:id (DELETE) should call the service" name="CustomersInvitationController /customers/invitations/:id (DELETE) should call the service" time="0.042">
    </testcase>
    <testcase classname="CustomersInvitationController /customers/invitations/:id (DELETE) should detect an invalid id" name="CustomersInvitationController /customers/invitations/:id (DELETE) should detect an invalid id" time="0.041">
    </testcase>
  </testsuite>
  <testsuite name="CustomersController" errors="0" failures="0" skipped="0" timestamp="2021-12-13T16:23:40" time="2.954" tests="10">
    <testcase classname="CustomersController should be defined" name="CustomersController should be defined" time="0.106">
    </testcase>
    <testcase classname="CustomersController /customers/:id (GET) should call the service" name="CustomersController /customers/:id (GET) should call the service" time="0.052">
    </testcase>
    <testcase classname="CustomersController /customers/:id (GET) should detect an invalid id" name="CustomersController /customers/:id (GET) should detect an invalid id" time="0.047">
    </testcase>
    <testcase classname="CustomersController /customers/:id (GET) should detect an invalid id #2" name="CustomersController /customers/:id (GET) should detect an invalid id #2" time="0.046">
    </testcase>
    <testcase classname="CustomersController /customers/:id (PATCH) should call the service" name="CustomersController /customers/:id (PATCH) should call the service" time="0.053">
    </testcase>
    <testcase classname="CustomersController /customers/:id (PATCH) should detect an invalid id" name="CustomersController /customers/:id (PATCH) should detect an invalid id" time="0.043">
    </testcase>
    <testcase classname="CustomersController /customers/:id (PATCH) should detect a missing version-property" name="CustomersController /customers/:id (PATCH) should detect a missing version-property" time="0.049">
    </testcase>
    <testcase classname="CustomersController /customers/:id (DELETE) should call the service" name="CustomersController /customers/:id (DELETE) should call the service" time="0.047">
    </testcase>
    <testcase classname="CustomersController /customers/:id (DELETE) should detect an invalid id" name="CustomersController /customers/:id (DELETE) should detect an invalid id" time="0.042">
    </testcase>
    <testcase classname="CustomersController /customers/:id (DELETE) should detect an invalid id #2" name="CustomersController /customers/:id (DELETE) should detect an invalid id #2" time="0.05">
    </testcase>
  </testsuite>
  <testsuite name="AuthRoleService" errors="0" failures="0" skipped="0" timestamp="2021-12-13T16:23:43" time="1.194" tests="13">
    <testcase classname="AuthRoleService getRolesByCustomer should succeed" name="AuthRoleService getRolesByCustomer should succeed" time="0.09">
    </testcase>
    <testcase classname="AuthRoleService getRolesByCustomer should throw an error" name="AuthRoleService getRolesByCustomer should throw an error" time="0.067">
    </testcase>
    <testcase classname="AuthRoleService getRole should return the default if nothing was found" name="AuthRoleService getRole should return the default if nothing was found" time="0.025">
    </testcase>
    <testcase classname="AuthRoleService getRole should succeed" name="AuthRoleService getRole should succeed" time="0.028">
    </testcase>
    <testcase classname="AuthRoleService getRole should throw an error" name="AuthRoleService getRole should throw an error" time="0.03">
    </testcase>
    <testcase classname="AuthRoleService deleteRole should succeed" name="AuthRoleService deleteRole should succeed" time="0.029">
    </testcase>
    <testcase classname="AuthRoleService deleteRole should throw an error" name="AuthRoleService deleteRole should throw an error" time="0.034">
    </testcase>
    <testcase classname="AuthRoleService updateRole should succeed" name="AuthRoleService updateRole should succeed" time="0.028">
    </testcase>
    <testcase classname="AuthRoleService updateRole should throw an error" name="AuthRoleService updateRole should throw an error" time="0.028">
    </testcase>
    <testcase classname="AuthRoleService createRole should succeed" name="AuthRoleService createRole should succeed" time="0.029">
    </testcase>
    <testcase classname="AuthRoleService createRole should throw an error" name="AuthRoleService createRole should throw an error" time="0.028">
    </testcase>
    <testcase classname="AuthRoleService getPermissions should succeed" name="AuthRoleService getPermissions should succeed" time="0.032">
    </testcase>
    <testcase classname="AuthRoleService getPermissions should throw an error" name="AuthRoleService getPermissions should throw an error" time="0.031">
    </testcase>
  </testsuite>
  <testsuite name="CustomersPermissionsController" errors="0" failures="0" skipped="0" timestamp="2021-12-13T16:23:44" time="0.863" tests="3">
    <testcase classname="CustomersPermissionsController should be defined" name="CustomersPermissionsController should be defined" time="0.099">
    </testcase>
    <testcase classname="CustomersPermissionsController /customers/:customerId/permissions (GET) should call the service" name="CustomersPermissionsController /customers/:customerId/permissions (GET) should call the service" time="0.049">
    </testcase>
    <testcase classname="CustomersPermissionsController /customers/:customerId/permissions (GET) should detect an invalid customerId" name="CustomersPermissionsController /customers/:customerId/permissions (GET) should detect an invalid customerId" time="0.048">
    </testcase>
  </testsuite>
  <testsuite name="MaintenanceController" errors="0" failures="0" skipped="0" timestamp="2021-12-13T16:23:45" time="1.002" tests="3">
    <testcase classname="MaintenanceController should be defined" name="MaintenanceController should be defined" time="0.119">
    </testcase>
    <testcase classname="MaintenanceController /customers/maintenance/delete/users (POST) should call the service" name="MaintenanceController /customers/maintenance/delete/users (POST) should call the service" time="0.068">
    </testcase>
    <testcase classname="MaintenanceController /customers/maintenance/delete/users (POST) should detect an invalid id" name="MaintenanceController /customers/maintenance/delete/users (POST) should detect an invalid id" time="0.049">
    </testcase>
  </testsuite>
  <testsuite name="MaintenanceController" errors="0" failures="0" skipped="0" timestamp="2021-12-13T16:23:46" time="0.795" tests="1">
    <testcase classname="MaintenanceController should be defined" name="MaintenanceController should be defined" time="0.107">
    </testcase>
  </testsuite>
  <testsuite name="Interceptor: Envelope" errors="0" failures="0" skipped="0" timestamp="2021-12-13T16:23:47" time="0.903" tests="3">
    <testcase classname="Interceptor: Envelope should be defined" name="Interceptor: Envelope should be defined" time="0.121">
    </testcase>
    <testcase classname="Interceptor: Envelope deprecated should return no deprecated flag" name="Interceptor: Envelope deprecated should return no deprecated flag" time="0.052">
    </testcase>
    <testcase classname="Interceptor: Envelope deprecated should return the deprecated flag" name="Interceptor: Envelope deprecated should return the deprecated flag" time="0.039">
    </testcase>
  </testsuite>
  <testsuite name="Pipes: ParseNanoIDPipe" errors="0" failures="0" skipped="0" timestamp="2021-12-13T16:23:48" time="0.796" tests="5">
    <testcase classname="Pipes: ParseNanoIDPipe should be defined" name="Pipes: ParseNanoIDPipe should be defined" time="0.097">
    </testcase>
    <testcase classname="Pipes: ParseNanoIDPipe ParseNanoIDPipe() should succeed" name="Pipes: ParseNanoIDPipe ParseNanoIDPipe() should succeed" time="0.045">
    </testcase>
    <testcase classname="Pipes: ParseNanoIDPipe ParseNanoIDPipe() should same length should fail" name="Pipes: ParseNanoIDPipe ParseNanoIDPipe() should same length should fail" time="0.036">
    </testcase>
    <testcase classname="Pipes: ParseNanoIDPipe ParseNanoIDPipe() should succeed with custom format" name="Pipes: ParseNanoIDPipe ParseNanoIDPipe() should succeed with custom format" time="0.038">
    </testcase>
    <testcase classname="Pipes: ParseNanoIDPipe ParseNanoIDPipe() should fail with custom format" name="Pipes: ParseNanoIDPipe ParseNanoIDPipe() should fail with custom format" time="0.038">
    </testcase>
  </testsuite>
  <testsuite name="Pipes: ParseMongoIDPipe" errors="0" failures="0" skipped="0" timestamp="2021-12-13T16:23:49" time="2.34" tests="3">
    <testcase classname="Pipes: ParseMongoIDPipe should be defined" name="Pipes: ParseMongoIDPipe should be defined" time="0.271">
    </testcase>
    <testcase classname="Pipes: ParseMongoIDPipe ParseMongoIDPipe() should succeed" name="Pipes: ParseMongoIDPipe ParseMongoIDPipe() should succeed" time="0.054">
    </testcase>
    <testcase classname="Pipes: ParseMongoIDPipe ParseMongoIDPipe() should detect an invalid id" name="Pipes: ParseMongoIDPipe ParseMongoIDPipe() should detect an invalid id" time="0.042">
    </testcase>
  </testsuite>
  <testsuite name="AuthUserRoleService" errors="0" failures="0" skipped="0" timestamp="2021-12-13T16:23:51" time="0.892" tests="6">
    <testcase classname="AuthUserRoleService loadRolesByUser should succeed" name="AuthUserRoleService loadRolesByUser should succeed" time="0.064">
    </testcase>
    <testcase classname="AuthUserRoleService loadRolesByUser should throw an error" name="AuthUserRoleService loadRolesByUser should throw an error" time="0.072">
    </testcase>
    <testcase classname="AuthUserRoleService addUserRole should return an error" name="AuthUserRoleService addUserRole should return an error" time="0.041">
    </testcase>
    <testcase classname="AuthUserRoleService addUserRole should succeed" name="AuthUserRoleService addUserRole should succeed" time="0.051">
    </testcase>
    <testcase classname="AuthUserRoleService deleteUserRole should return an error" name="AuthUserRoleService deleteUserRole should return an error" time="0.048">
    </testcase>
    <testcase classname="AuthUserRoleService deleteUserRole should succeed" name="AuthUserRoleService deleteUserRole should succeed" time="0.031">
    </testcase>
  </testsuite>
  <testsuite name="UsersApi" errors="0" failures="0" skipped="0" timestamp="2021-12-13T16:23:52" time="0.578" tests="3">
    <testcase classname="UsersApi loadUser should return the default if nothing was found" name="UsersApi loadUser should return the default if nothing was found" time="0.055">
    </testcase>
    <testcase classname="UsersApi loadUser should succeed" name="UsersApi loadUser should succeed" time="0.031">
    </testcase>
    <testcase classname="UsersApi loadUser should throw an error" name="UsersApi loadUser should throw an error" time="0.064">
    </testcase>
  </testsuite>
  <testsuite name="IsNanoID()" errors="0" failures="0" skipped="0" timestamp="2021-12-13T16:23:53" time="0.52" tests="9">
    <testcase classname="IsNanoID() should succeed" name="IsNanoID() should succeed" time="0.005">
    </testcase>
    <testcase classname="IsNanoID() should fail" name="IsNanoID() should fail" time="0.004">
    </testcase>
    <testcase classname="IsNanoID() should succeed with custom id" name="IsNanoID() should succeed with custom id" time="0.004">
    </testcase>
    <testcase classname="IsNanoID() should fail with custom id" name="IsNanoID() should fail with custom id" time="0.005">
    </testcase>
    <testcase classname="isNanoID() should succeed" name="isNanoID() should succeed" time="0.004">
    </testcase>
    <testcase classname="isNanoID() should detect an invalid string" name="isNanoID() should detect an invalid string" time="0.003">
    </testcase>
    <testcase classname="isNanoID() should fail when not a string" name="isNanoID() should fail when not a string" time="0.004">
    </testcase>
    <testcase classname="isNanoID() should succeed with custom regex" name="isNanoID() should succeed with custom regex" time="0.004">
    </testcase>
    <testcase classname="isNanoID() should fail with custom regex" name="isNanoID() should fail with custom regex" time="0.009">
    </testcase>
  </testsuite>
  <testsuite name="Decorators - ContainsNoTags()" errors="0" failures="0" skipped="0" timestamp="2021-12-13T16:23:53" time="0.443" tests="1">
    <testcase classname="Decorators - ContainsNoTags() validate" name="Decorators - ContainsNoTags() validate" time="0.005">
    </testcase>
  </testsuite>
  <testsuite name="helper" errors="0" failures="0" skipped="0" timestamp="2021-12-13T16:23:54" time="0.416" tests="7">
    <testcase classname="helper makeHashComparable should detect an invalid hash format" name="helper makeHashComparable should detect an invalid hash format" time="0.024">
    </testcase>
    <testcase classname="helper makeHashComparable should replace parts of the hash" name="helper makeHashComparable should replace parts of the hash" time="0.009">
    </testcase>
    <testcase classname="helper makeHashComparable should return the hash if no replace is needed" name="helper makeHashComparable should return the hash if no replace is needed" time="0.009">
    </testcase>
    <testcase classname="helper should validate an existing hash" name="helper should validate an existing hash" time="0.031">
    </testcase>
    <testcase classname="helper should create hash and validate it afterwards" name="helper should create hash and validate it afterwards" time="0.034">
    </testcase>
    <testcase classname="helper should decrypt a provided encrypted password" name="helper should decrypt a provided encrypted password" time="0.013">
    </testcase>
    <testcase classname="helper should encrypt a password and decrypt it afterwards" name="helper should encrypt a password and decrypt it afterwards" time="0.019">
    </testcase>
  </testsuite>
  <testsuite name="KongApiService" errors="0" failures="0" skipped="0" timestamp="2021-12-13T16:23:54" time="0.217" tests="1">
    <testcase classname="KongApiService should be defined" name="KongApiService should be defined" time="0.036">
    </testcase>
  </testsuite>
  <testsuite name="AppController" errors="0" failures="0" skipped="0" timestamp="2021-12-13T16:23:55" time="0.21" tests="1">
    <testcase classname="AppController root should return &quot;Hello World!&quot;" name="AppController root should return &quot;Hello World!&quot;" time="0.039">
    </testcase>
  </testsuite>
  <testsuite name="LibusersService" errors="0" failures="0" skipped="0" timestamp="2021-12-13T16:23:55" time="0.196" tests="1">
    <testcase classname="LibusersService should be defined" name="LibusersService should be defined" time="0.038">
    </testcase>
  </testsuite>
  <testsuite name="LibauthService" errors="0" failures="0" skipped="0" timestamp="2021-12-13T16:23:55" time="0.205" tests="1">
    <testcase classname="LibauthService should be defined" name="LibauthService should be defined" time="0.039">
    </testcase>
  </testsuite>
  <testsuite name="HealthController" errors="0" failures="0" skipped="0" timestamp="2021-12-13T16:23:55" time="0.223" tests="2">
    <testcase classname="HealthController should be defined" name="HealthController should be defined" time="0.037">
    </testcase>
    <testcase classname="HealthController health should return successfully undefined" name="HealthController health should return successfully undefined" time="0.034">
    </testcase>
  </testsuite>
  <testsuite name="LibcustomersService" errors="0" failures="0" skipped="0" timestamp="2021-12-13T16:23:55" time="0.201" tests="1">
    <testcase classname="LibcustomersService should be defined" name="LibcustomersService should be defined" time="0.036">
    </testcase>
  </testsuite>
  <testsuite name="LibassetsService" errors="0" failures="0" skipped="0" timestamp="2021-12-13T16:23:56" time="0.254" tests="1">
    <testcase classname="LibassetsService should be defined" name="LibassetsService should be defined" time="0.061">
    </testcase>
  </testsuite>
  <testsuite name="SharedService" errors="0" failures="0" skipped="0" timestamp="2021-12-13T16:23:56" time="0.197" tests="1">
    <testcase classname="SharedService should be defined" name="SharedService should be defined" time="0.032">
    </testcase>
  </testsuite>
  <testsuite name="KubernetesService" errors="0" failures="0" skipped="0" timestamp="2021-12-13T16:23:56" time="0.25" tests="1">
    <testcase classname="KubernetesService should be defined" name="KubernetesService should be defined" time="0.037">
    </testcase>
  </testsuite>
</testsuites>